<?xml version="1.0" encoding="UTF-8"?>
<testsuite xmlns:xsi="http://www.w3.org/2001/XMLSchema-instance" xsi:noNamespaceSchemaLocation="https://maven.apache.org/surefire/maven-surefire-plugin/xsd/surefire-test-report.xsd" name="com.javatechie.spring.ajax.api.SpringAjaxApplicationTests" time="32.833" tests="1" errors="0" skipped="0" failures="0">
  <properties>
    <property name="gopherProxySet" value="false"/>
    <property name="awt.toolkit" value="sun.lwawt.macosx.LWCToolkit"/>
    <property name="java.specification.version" value="10"/>
    <property name="file.encoding.pkg" value="sun.io"/>
    <property name="sun.cpu.isalist" value=""/>
    <property name="sun.jnu.encoding" value="UTF-8"/>
    <property name="java.class.path" value="/Users/asifsattar/Downloads/spring-boot-ajax-master/target/test-classes:/Users/asifsattar/Downloads/spring-boot-ajax-master/target/classes:/Users/asifsattar/.m2/repository/commons-io/commons-io/2.6/commons-io-2.6.jar:/Users/asifsattar/.m2/repository/com/sun/jersey/jersey-json/1.19.4/jersey-json-1.19.4.jar:/Users/asifsattar/.m2/repository/org/codehaus/jettison/jettison/1.1/jettison-1.1.jar:/Users/asifsattar/.m2/repository/com/sun/xml/bind/jaxb-impl/2.2.3-1/jaxb-impl-2.2.3-1.jar:/Users/asifsattar/.m2/repository/org/codehaus/jackson/jackson-core-asl/1.9.2/jackson-core-asl-1.9.2.jar:/Users/asifsattar/.m2/repository/org/codehaus/jackson/jackson-mapper-asl/1.9.2/jackson-mapper-asl-1.9.2.jar:/Users/asifsattar/.m2/repository/org/codehaus/jackson/jackson-jaxrs/1.9.2/jackson-jaxrs-1.9.2.jar:/Users/asifsattar/.m2/repository/org/codehaus/jackson/jackson-xc/1.9.2/jackson-xc-1.9.2.jar:/Users/asifsattar/.m2/repository/com/sun/jersey/jersey-core/1.19.4/jersey-core-1.19.4.jar:/Users/asifsattar/.m2/repository/javax/ws/rs/jsr311-api/1.1.1/jsr311-api-1.1.1.jar:/Users/asifsattar/.m2/repository/com/sun/jersey/jersey-client/1.19.4/jersey-client-1.19.4.jar:/Users/asifsattar/.m2/repository/net/jodah/failsafe/2.0.1/failsafe-2.0.1.jar:/Users/asifsattar/.m2/repository/org/bouncycastle/bcprov-jdk15on/1.57/bcprov-jdk15on-1.57.jar:/Users/asifsattar/.m2/repository/javax/ws/rs/javax.ws.rs-api/2.1/javax.ws.rs-api-2.1.jar:/Users/asifsattar/.m2/repository/com/squareup/okhttp3/okhttp/3.10.0/okhttp-3.10.0.jar:/Users/asifsattar/.m2/repository/com/squareup/okio/okio/1.14.0/okio-1.14.0.jar:/Users/asifsattar/.m2/repository/org/springframework/boot/spring-boot-starter-thymeleaf/2.0.2.RELEASE/spring-boot-starter-thymeleaf-2.0.2.RELEASE.jar:/Users/asifsattar/.m2/repository/org/springframework/boot/spring-boot-starter/2.0.2.RELEASE/spring-boot-starter-2.0.2.RELEASE.jar:/Users/asifsattar/.m2/repository/org/springframework/boot/spring-boot-starter-logging/2.0.2.RELEASE/spring-boot-starter-logging-2.0.2.RELEASE.jar:/Users/asifsattar/.m2/repository/ch/qos/logback/logback-classic/1.2.3/logback-classic-1.2.3.jar:/Users/asifsattar/.m2/repository/ch/qos/logback/logback-core/1.2.3/logback-core-1.2.3.jar:/Users/asifsattar/.m2/repository/org/apache/logging/log4j/log4j-to-slf4j/2.10.0/log4j-to-slf4j-2.10.0.jar:/Users/asifsattar/.m2/repository/org/apache/logging/log4j/log4j-api/2.10.0/log4j-api-2.10.0.jar:/Users/asifsattar/.m2/repository/org/slf4j/jul-to-slf4j/1.7.25/jul-to-slf4j-1.7.25.jar:/Users/asifsattar/.m2/repository/javax/annotation/javax.annotation-api/1.3.2/javax.annotation-api-1.3.2.jar:/Users/asifsattar/.m2/repository/org/yaml/snakeyaml/1.19/snakeyaml-1.19.jar:/Users/asifsattar/.m2/repository/org/thymeleaf/thymeleaf-spring5/3.0.9.RELEASE/thymeleaf-spring5-3.0.9.RELEASE.jar:/Users/asifsattar/.m2/repository/org/thymeleaf/thymeleaf/3.0.9.RELEASE/thymeleaf-3.0.9.RELEASE.jar:/Users/asifsattar/.m2/repository/org/attoparser/attoparser/2.0.4.RELEASE/attoparser-2.0.4.RELEASE.jar:/Users/asifsattar/.m2/repository/org/unbescape/unbescape/1.1.5.RELEASE/unbescape-1.1.5.RELEASE.jar:/Users/asifsattar/.m2/repository/org/slf4j/slf4j-api/1.7.25/slf4j-api-1.7.25.jar:/Users/asifsattar/.m2/repository/org/thymeleaf/extras/thymeleaf-extras-java8time/3.0.1.RELEASE/thymeleaf-extras-java8time-3.0.1.RELEASE.jar:/Users/asifsattar/.m2/repository/org/springframework/boot/spring-boot-starter-web/2.0.2.RELEASE/spring-boot-starter-web-2.0.2.RELEASE.jar:/Users/asifsattar/.m2/repository/org/springframework/boot/spring-boot-starter-json/2.0.2.RELEASE/spring-boot-starter-json-2.0.2.RELEASE.jar:/Users/asifsattar/.m2/repository/com/fasterxml/jackson/datatype/jackson-datatype-jdk8/2.9.5/jackson-datatype-jdk8-2.9.5.jar:/Users/asifsattar/.m2/repository/com/fasterxml/jackson/datatype/jackson-datatype-jsr310/2.9.5/jackson-datatype-jsr310-2.9.5.jar:/Users/asifsattar/.m2/repository/com/fasterxml/jackson/module/jackson-module-parameter-names/2.9.5/jackson-module-parameter-names-2.9.5.jar:/Users/asifsattar/.m2/repository/org/springframework/boot/spring-boot-starter-tomcat/2.0.2.RELEASE/spring-boot-starter-tomcat-2.0.2.RELEASE.jar:/Users/asifsattar/.m2/repository/org/apache/tomcat/embed/tomcat-embed-core/8.5.31/tomcat-embed-core-8.5.31.jar:/Users/asifsattar/.m2/repository/org/apache/tomcat/embed/tomcat-embed-el/8.5.31/tomcat-embed-el-8.5.31.jar:/Users/asifsattar/.m2/repository/org/apache/tomcat/embed/tomcat-embed-websocket/8.5.31/tomcat-embed-websocket-8.5.31.jar:/Users/asifsattar/.m2/repository/org/hibernate/validator/hibernate-validator/6.0.9.Final/hibernate-validator-6.0.9.Final.jar:/Users/asifsattar/.m2/repository/javax/validation/validation-api/2.0.1.Final/validation-api-2.0.1.Final.jar:/Users/asifsattar/.m2/repository/org/jboss/logging/jboss-logging/3.3.2.Final/jboss-logging-3.3.2.Final.jar:/Users/asifsattar/.m2/repository/com/fasterxml/classmate/1.3.4/classmate-1.3.4.jar:/Users/asifsattar/.m2/repository/org/springframework/spring-web/5.0.6.RELEASE/spring-web-5.0.6.RELEASE.jar:/Users/asifsattar/.m2/repository/org/springframework/spring-beans/5.0.6.RELEASE/spring-beans-5.0.6.RELEASE.jar:/Users/asifsattar/.m2/repository/org/springframework/spring-webmvc/5.0.6.RELEASE/spring-webmvc-5.0.6.RELEASE.jar:/Users/asifsattar/.m2/repository/org/springframework/spring-context/5.0.6.RELEASE/spring-context-5.0.6.RELEASE.jar:/Users/asifsattar/.m2/repository/org/springframework/spring-expression/5.0.6.RELEASE/spring-expression-5.0.6.RELEASE.jar:/Users/asifsattar/.m2/repository/org/springframework/boot/spring-boot-starter-security/2.0.2.RELEASE/spring-boot-starter-security-2.0.2.RELEASE.jar:/Users/asifsattar/.m2/repository/org/springframework/spring-aop/5.0.6.RELEASE/spring-aop-5.0.6.RELEASE.jar:/Users/asifsattar/.m2/repository/org/springframework/security/spring-security-config/5.0.5.RELEASE/spring-security-config-5.0.5.RELEASE.jar:/Users/asifsattar/.m2/repository/org/springframework/security/spring-security-core/5.0.5.RELEASE/spring-security-core-5.0.5.RELEASE.jar:/Users/asifsattar/.m2/repository/org/springframework/security/spring-security-web/5.0.5.RELEASE/spring-security-web-5.0.5.RELEASE.jar:/Users/asifsattar/.m2/repository/org/springframework/boot/spring-boot-devtools/2.0.2.RELEASE/spring-boot-devtools-2.0.2.RELEASE.jar:/Users/asifsattar/.m2/repository/org/springframework/boot/spring-boot/2.0.2.RELEASE/spring-boot-2.0.2.RELEASE.jar:/Users/asifsattar/.m2/repository/org/springframework/boot/spring-boot-autoconfigure/2.0.2.RELEASE/spring-boot-autoconfigure-2.0.2.RELEASE.jar:/Users/asifsattar/.m2/repository/com/amazonaws/aws-java-sdk/1.11.896/aws-java-sdk-1.11.896.jar:/Users/asifsattar/.m2/repository/com/amazonaws/aws-java-sdk-s3outposts/1.11.896/aws-java-sdk-s3outposts-1.11.896.jar:/Users/asifsattar/.m2/repository/com/amazonaws/jmespath-java/1.11.896/jmespath-java-1.11.896.jar:/Users/asifsattar/.m2/repository/com/amazonaws/aws-java-sdk-timestreamquery/1.11.896/aws-java-sdk-timestreamquery-1.11.896.jar:/Users/asifsattar/.m2/repository/com/amazonaws/aws-java-sdk-timestreamwrite/1.11.896/aws-java-sdk-timestreamwrite-1.11.896.jar:/Users/asifsattar/.m2/repository/com/amazonaws/aws-java-sdk-ssoadmin/1.11.896/aws-java-sdk-ssoadmin-1.11.896.jar:/Users/asifsattar/.m2/repository/com/amazonaws/aws-java-sdk-redshiftdataapi/1.11.896/aws-java-sdk-redshiftdataapi-1.11.896.jar:/Users/asifsattar/.m2/repository/com/amazonaws/aws-java-sdk-appflow/1.11.896/aws-java-sdk-appflow-1.11.896.jar:/Users/asifsattar/.m2/repository/com/amazonaws/aws-java-sdk-identitystore/1.11.896/aws-java-sdk-identitystore-1.11.896.jar:/Users/asifsattar/.m2/repository/com/amazonaws/aws-java-sdk-braket/1.11.896/aws-java-sdk-braket-1.11.896.jar:/Users/asifsattar/.m2/repository/com/amazonaws/aws-java-sdk-ivs/1.11.896/aws-java-sdk-ivs-1.11.896.jar:/Users/asifsattar/.m2/repository/com/amazonaws/aws-java-sdk-honeycode/1.11.896/aws-java-sdk-honeycode-1.11.896.jar:/Users/asifsattar/.m2/repository/com/amazonaws/aws-java-sdk-codeartifact/1.11.896/aws-java-sdk-codeartifact-1.11.896.jar:/Users/asifsattar/.m2/repository/com/amazonaws/aws-java-sdk-macie2/1.11.896/aws-java-sdk-macie2-1.11.896.jar:/Users/asifsattar/.m2/repository/com/amazonaws/aws-java-sdk-iotsitewise/1.11.896/aws-java-sdk-iotsitewise-1.11.896.jar:/Users/asifsattar/.m2/repository/com/amazonaws/aws-java-sdk-synthetics/1.11.896/aws-java-sdk-synthetics-1.11.896.jar:/Users/asifsattar/.m2/repository/com/amazonaws/aws-java-sdk-codestarconnections/1.11.896/aws-java-sdk-codestarconnections-1.11.896.jar:/Users/asifsattar/.m2/repository/com/amazonaws/aws-java-sdk-detective/1.11.896/aws-java-sdk-detective-1.11.896.jar:/Users/asifsattar/.m2/repository/com/amazonaws/aws-java-sdk-kinesisvideosignalingchannels/1.11.896/aws-java-sdk-kinesisvideosignalingchannels-1.11.896.jar:/Users/asifsattar/.m2/repository/com/amazonaws/aws-java-sdk-ebs/1.11.896/aws-java-sdk-ebs-1.11.896.jar:/Users/asifsattar/.m2/repository/com/amazonaws/aws-java-sdk-augmentedairuntime/1.11.896/aws-java-sdk-augmentedairuntime-1.11.896.jar:/Users/asifsattar/.m2/repository/com/amazonaws/aws-java-sdk-outposts/1.11.896/aws-java-sdk-outposts-1.11.896.jar:/Users/asifsattar/.m2/repository/com/amazonaws/aws-java-sdk-codeguruprofiler/1.11.896/aws-java-sdk-codeguruprofiler-1.11.896.jar:/Users/asifsattar/.m2/repository/com/amazonaws/aws-java-sdk-codegurureviewer/1.11.896/aws-java-sdk-codegurureviewer-1.11.896.jar:/Users/asifsattar/.m2/repository/com/amazonaws/aws-java-sdk-frauddetector/1.11.896/aws-java-sdk-frauddetector-1.11.896.jar:/Users/asifsattar/.m2/repository/com/amazonaws/aws-java-sdk-kendra/1.11.896/aws-java-sdk-kendra-1.11.896.jar:/Users/asifsattar/.m2/repository/com/amazonaws/aws-java-sdk-networkmanager/1.11.896/aws-java-sdk-networkmanager-1.11.896.jar:/Users/asifsattar/.m2/repository/com/amazonaws/aws-java-sdk-computeoptimizer/1.11.896/aws-java-sdk-computeoptimizer-1.11.896.jar:/Users/asifsattar/.m2/repository/com/amazonaws/aws-java-sdk-accessanalyzer/1.11.896/aws-java-sdk-accessanalyzer-1.11.896.jar:/Users/asifsattar/.m2/repository/com/amazonaws/aws-java-sdk-schemas/1.11.896/aws-java-sdk-schemas-1.11.896.jar:/Users/asifsattar/.m2/repository/com/amazonaws/aws-java-sdk-imagebuilder/1.11.896/aws-java-sdk-imagebuilder-1.11.896.jar:/Users/asifsattar/.m2/repository/com/amazonaws/aws-java-sdk-elasticinference/1.11.896/aws-java-sdk-elasticinference-1.11.896.jar:/Users/asifsattar/.m2/repository/com/amazonaws/aws-java-sdk-iotsecuretunneling/1.11.896/aws-java-sdk-iotsecuretunneling-1.11.896.jar:/Users/asifsattar/.m2/repository/com/amazonaws/aws-java-sdk-appconfig/1.11.896/aws-java-sdk-appconfig-1.11.896.jar:/Users/asifsattar/.m2/repository/com/amazonaws/aws-java-sdk-wafv2/1.11.896/aws-java-sdk-wafv2-1.11.896.jar:/Users/asifsattar/.m2/repository/com/amazonaws/aws-java-sdk-connectparticipant/1.11.896/aws-java-sdk-connectparticipant-1.11.896.jar:/Users/asifsattar/.m2/repository/com/amazonaws/aws-java-sdk-migrationhubconfig/1.11.896/aws-java-sdk-migrationhubconfig-1.11.896.jar:/Users/asifsattar/.m2/repository/com/amazonaws/aws-java-sdk-dataexchange/1.11.896/aws-java-sdk-dataexchange-1.11.896.jar:/Users/asifsattar/.m2/repository/com/amazonaws/aws-java-sdk-sesv2/1.11.896/aws-java-sdk-sesv2-1.11.896.jar:/Users/asifsattar/.m2/repository/com/amazonaws/aws-java-sdk-marketplacecatalog/1.11.896/aws-java-sdk-marketplacecatalog-1.11.896.jar:/Users/asifsattar/.m2/repository/com/amazonaws/aws-java-sdk-ssooidc/1.11.896/aws-java-sdk-ssooidc-1.11.896.jar:/Users/asifsattar/.m2/repository/com/amazonaws/aws-java-sdk-sso/1.11.896/aws-java-sdk-sso-1.11.896.jar:/Users/asifsattar/.m2/repository/com/amazonaws/aws-java-sdk-savingsplans/1.11.896/aws-java-sdk-savingsplans-1.11.896.jar:/Users/asifsattar/.m2/repository/com/amazonaws/aws-java-sdk-codestarnotifications/1.11.896/aws-java-sdk-codestarnotifications-1.11.896.jar:/Users/asifsattar/.m2/repository/com/amazonaws/aws-java-sdk-workmailmessageflow/1.11.896/aws-java-sdk-workmailmessageflow-1.11.896.jar:/Users/asifsattar/.m2/repository/com/amazonaws/aws-java-sdk-qldbsession/1.11.896/aws-java-sdk-qldbsession-1.11.896.jar:/Users/asifsattar/.m2/repository/com/amazonaws/aws-java-sdk-qldb/1.11.896/aws-java-sdk-qldb-1.11.896.jar:/Users/asifsattar/.m2/repository/com/amazonaws/aws-java-sdk-forecastquery/1.11.896/aws-java-sdk-forecastquery-1.11.896.jar:/Users/asifsattar/.m2/repository/com/amazonaws/aws-java-sdk-forecast/1.11.896/aws-java-sdk-forecast-1.11.896.jar:/Users/asifsattar/.m2/repository/com/amazonaws/aws-java-sdk-lakeformation/1.11.896/aws-java-sdk-lakeformation-1.11.896.jar:/Users/asifsattar/.m2/repository/com/amazonaws/aws-java-sdk-eventbridge/1.11.896/aws-java-sdk-eventbridge-1.11.896.jar:/Users/asifsattar/.m2/repository/com/amazonaws/aws-java-sdk-ec2instanceconnect/1.11.896/aws-java-sdk-ec2instanceconnect-1.11.896.jar:/Users/asifsattar/.m2/repository/com/amazonaws/aws-java-sdk-applicationinsights/1.11.896/aws-java-sdk-applicationinsights-1.11.896.jar:/Users/asifsattar/.m2/repository/com/amazonaws/aws-java-sdk-servicequotas/1.11.896/aws-java-sdk-servicequotas-1.11.896.jar:/Users/asifsattar/.m2/repository/com/amazonaws/aws-java-sdk-personalizeevents/1.11.896/aws-java-sdk-personalizeevents-1.11.896.jar:/Users/asifsattar/.m2/repository/com/amazonaws/aws-java-sdk-personalize/1.11.896/aws-java-sdk-personalize-1.11.896.jar:/Users/asifsattar/.m2/repository/com/amazonaws/aws-java-sdk-personalizeruntime/1.11.896/aws-java-sdk-personalizeruntime-1.11.896.jar:/Users/asifsattar/.m2/repository/com/amazonaws/aws-java-sdk-ioteventsdata/1.11.896/aws-java-sdk-ioteventsdata-1.11.896.jar:/Users/asifsattar/.m2/repository/com/amazonaws/aws-java-sdk-iotevents/1.11.896/aws-java-sdk-iotevents-1.11.896.jar:/Users/asifsattar/.m2/repository/com/amazonaws/aws-java-sdk-iotthingsgraph/1.11.896/aws-java-sdk-iotthingsgraph-1.11.896.jar:/Users/asifsattar/.m2/repository/com/amazonaws/aws-java-sdk-groundstation/1.11.896/aws-java-sdk-groundstation-1.11.896.jar:/Users/asifsattar/.m2/repository/com/amazonaws/aws-java-sdk-mediapackagevod/1.11.896/aws-java-sdk-mediapackagevod-1.11.896.jar:/Users/asifsattar/.m2/repository/com/amazonaws/aws-java-sdk-managedblockchain/1.11.896/aws-java-sdk-managedblockchain-1.11.896.jar:/Users/asifsattar/.m2/repository/com/amazonaws/aws-java-sdk-textract/1.11.896/aws-java-sdk-textract-1.11.896.jar:/Users/asifsattar/.m2/repository/com/amazonaws/aws-java-sdk-worklink/1.11.896/aws-java-sdk-worklink-1.11.896.jar:/Users/asifsattar/.m2/repository/com/amazonaws/aws-java-sdk-backup/1.11.896/aws-java-sdk-backup-1.11.896.jar:/Users/asifsattar/.m2/repository/com/amazonaws/aws-java-sdk-docdb/1.11.896/aws-java-sdk-docdb-1.11.896.jar:/Users/asifsattar/.m2/repository/com/amazonaws/aws-java-sdk-apigatewayv2/1.11.896/aws-java-sdk-apigatewayv2-1.11.896.jar:/Users/asifsattar/.m2/repository/com/amazonaws/aws-java-sdk-apigatewaymanagementapi/1.11.896/aws-java-sdk-apigatewaymanagementapi-1.11.896.jar:/Users/asifsattar/.m2/repository/com/amazonaws/aws-java-sdk-kafka/1.11.896/aws-java-sdk-kafka-1.11.896.jar:/Users/asifsattar/.m2/repository/com/amazonaws/aws-java-sdk-appmesh/1.11.896/aws-java-sdk-appmesh-1.11.896.jar:/Users/asifsattar/.m2/repository/com/amazonaws/aws-java-sdk-licensemanager/1.11.896/aws-java-sdk-licensemanager-1.11.896.jar:/Users/asifsattar/.m2/repository/com/amazonaws/aws-java-sdk-securityhub/1.11.896/aws-java-sdk-securityhub-1.11.896.jar:/Users/asifsattar/.m2/repository/com/amazonaws/aws-java-sdk-fsx/1.11.896/aws-java-sdk-fsx-1.11.896.jar:/Users/asifsattar/.m2/repository/com/amazonaws/aws-java-sdk-mediaconnect/1.11.896/aws-java-sdk-mediaconnect-1.11.896.jar:/Users/asifsattar/.m2/repository/com/amazonaws/aws-java-sdk-kinesisanalyticsv2/1.11.896/aws-java-sdk-kinesisanalyticsv2-1.11.896.jar:/Users/asifsattar/.m2/repository/com/amazonaws/aws-java-sdk-comprehendmedical/1.11.896/aws-java-sdk-comprehendmedical-1.11.896.jar:/Users/asifsattar/.m2/repository/com/amazonaws/aws-java-sdk-globalaccelerator/1.11.896/aws-java-sdk-globalaccelerator-1.11.896.jar:/Users/asifsattar/.m2/repository/com/amazonaws/aws-java-sdk-transfer/1.11.896/aws-java-sdk-transfer-1.11.896.jar:/Users/asifsattar/.m2/repository/com/amazonaws/aws-java-sdk-datasync/1.11.896/aws-java-sdk-datasync-1.11.896.jar:/Users/asifsattar/.m2/repository/com/amazonaws/aws-java-sdk-robomaker/1.11.896/aws-java-sdk-robomaker-1.11.896.jar:/Users/asifsattar/.m2/repository/com/amazonaws/aws-java-sdk-amplify/1.11.896/aws-java-sdk-amplify-1.11.896.jar:/Users/asifsattar/.m2/repository/com/amazonaws/aws-java-sdk-quicksight/1.11.896/aws-java-sdk-quicksight-1.11.896.jar:/Users/asifsattar/.m2/repository/com/amazonaws/aws-java-sdk-rdsdata/1.11.896/aws-java-sdk-rdsdata-1.11.896.jar:/Users/asifsattar/.m2/repository/com/amazonaws/aws-java-sdk-route53resolver/1.11.896/aws-java-sdk-route53resolver-1.11.896.jar:/Users/asifsattar/.m2/repository/com/amazonaws/aws-java-sdk-ram/1.11.896/aws-java-sdk-ram-1.11.896.jar:/Users/asifsattar/.m2/repository/com/amazonaws/aws-java-sdk-s3control/1.11.896/aws-java-sdk-s3control-1.11.896.jar:/Users/asifsattar/.m2/repository/com/amazonaws/aws-java-sdk-pinpointsmsvoice/1.11.896/aws-java-sdk-pinpointsmsvoice-1.11.896.jar:/Users/asifsattar/.m2/repository/com/amazonaws/aws-java-sdk-pinpointemail/1.11.896/aws-java-sdk-pinpointemail-1.11.896.jar:/Users/asifsattar/.m2/repository/com/amazonaws/aws-java-sdk-chime/1.11.896/aws-java-sdk-chime-1.11.896.jar:/Users/asifsattar/.m2/repository/com/amazonaws/aws-java-sdk-signer/1.11.896/aws-java-sdk-signer-1.11.896.jar:/Users/asifsattar/.m2/repository/com/amazonaws/aws-java-sdk-dlm/1.11.896/aws-java-sdk-dlm-1.11.896.jar:/Users/asifsattar/.m2/repository/com/amazonaws/aws-java-sdk-macie/1.11.896/aws-java-sdk-macie-1.11.896.jar:/Users/asifsattar/.m2/repository/com/amazonaws/aws-java-sdk-eks/1.11.896/aws-java-sdk-eks-1.11.896.jar:/Users/asifsattar/.m2/repository/com/amazonaws/aws-java-sdk-mediatailor/1.11.896/aws-java-sdk-mediatailor-1.11.896.jar:/Users/asifsattar/.m2/repository/com/amazonaws/aws-java-sdk-neptune/1.11.896/aws-java-sdk-neptune-1.11.896.jar:/Users/asifsattar/.m2/repository/com/amazonaws/aws-java-sdk-pi/1.11.896/aws-java-sdk-pi-1.11.896.jar:/Users/asifsattar/.m2/repository/com/amazonaws/aws-java-sdk-iot1clickprojects/1.11.896/aws-java-sdk-iot1clickprojects-1.11.896.jar:/Users/asifsattar/.m2/repository/com/amazonaws/aws-java-sdk-iot1clickdevices/1.11.896/aws-java-sdk-iot1clickdevices-1.11.896.jar:/Users/asifsattar/.m2/repository/com/amazonaws/aws-java-sdk-iotanalytics/1.11.896/aws-java-sdk-iotanalytics-1.11.896.jar:/Users/asifsattar/.m2/repository/com/amazonaws/aws-java-sdk-acmpca/1.11.896/aws-java-sdk-acmpca-1.11.896.jar:/Users/asifsattar/.m2/repository/com/amazonaws/aws-java-sdk-secretsmanager/1.11.896/aws-java-sdk-secretsmanager-1.11.896.jar:/Users/asifsattar/.m2/repository/com/amazonaws/aws-java-sdk-fms/1.11.896/aws-java-sdk-fms-1.11.896.jar:/Users/asifsattar/.m2/repository/com/amazonaws/aws-java-sdk-connect/1.11.896/aws-java-sdk-connect-1.11.896.jar:/Users/asifsattar/.m2/repository/com/amazonaws/aws-java-sdk-transcribe/1.11.896/aws-java-sdk-transcribe-1.11.896.jar:/Users/asifsattar/.m2/repository/com/amazonaws/aws-java-sdk-autoscalingplans/1.11.896/aws-java-sdk-autoscalingplans-1.11.896.jar:/Users/asifsattar/.m2/repository/com/amazonaws/aws-java-sdk-workmail/1.11.896/aws-java-sdk-workmail-1.11.896.jar:/Users/asifsattar/.m2/repository/com/amazonaws/aws-java-sdk-servicediscovery/1.11.896/aws-java-sdk-servicediscovery-1.11.896.jar:/Users/asifsattar/.m2/repository/com/amazonaws/aws-java-sdk-cloud9/1.11.896/aws-java-sdk-cloud9-1.11.896.jar:/Users/asifsattar/.m2/repository/com/amazonaws/aws-java-sdk-serverlessapplicationrepository/1.11.896/aws-java-sdk-serverlessapplicationrepository-1.11.896.jar:/Users/asifsattar/.m2/repository/com/amazonaws/aws-java-sdk-alexaforbusiness/1.11.896/aws-java-sdk-alexaforbusiness-1.11.896.jar:/Users/asifsattar/.m2/repository/com/amazonaws/aws-java-sdk-resourcegroups/1.11.896/aws-java-sdk-resourcegroups-1.11.896.jar:/Users/asifsattar/.m2/repository/com/amazonaws/aws-java-sdk-comprehend/1.11.896/aws-java-sdk-comprehend-1.11.896.jar:/Users/asifsattar/.m2/repository/com/amazonaws/aws-java-sdk-translate/1.11.896/aws-java-sdk-translate-1.11.896.jar:/Users/asifsattar/.m2/repository/com/amazonaws/aws-java-sdk-sagemaker/1.11.896/aws-java-sdk-sagemaker-1.11.896.jar:/Users/asifsattar/.m2/repository/com/amazonaws/aws-java-sdk-iotjobsdataplane/1.11.896/aws-java-sdk-iotjobsdataplane-1.11.896.jar:/Users/asifsattar/.m2/repository/com/amazonaws/aws-java-sdk-sagemakerruntime/1.11.896/aws-java-sdk-sagemakerruntime-1.11.896.jar:/Users/asifsattar/.m2/repository/com/amazonaws/aws-java-sdk-kinesisvideo/1.11.896/aws-java-sdk-kinesisvideo-1.11.896.jar:/Users/asifsattar/.m2/repository/io/netty/netty-codec-http/4.1.24.Final/netty-codec-http-4.1.24.Final.jar:/Users/asifsattar/.m2/repository/io/netty/netty-codec/4.1.24.Final/netty-codec-4.1.24.Final.jar:/Users/asifsattar/.m2/repository/io/netty/netty-handler/4.1.24.Final/netty-handler-4.1.24.Final.jar:/Users/asifsattar/.m2/repository/io/netty/netty-buffer/4.1.24.Final/netty-buffer-4.1.24.Final.jar:/Users/asifsattar/.m2/repository/io/netty/netty-common/4.1.24.Final/netty-common-4.1.24.Final.jar:/Users/asifsattar/.m2/repository/io/netty/netty-transport/4.1.24.Final/netty-transport-4.1.24.Final.jar:/Users/asifsattar/.m2/repository/io/netty/netty-resolver/4.1.24.Final/netty-resolver-4.1.24.Final.jar:/Users/asifsattar/.m2/repository/com/amazonaws/aws-java-sdk-appsync/1.11.896/aws-java-sdk-appsync-1.11.896.jar:/Users/asifsattar/.m2/repository/com/amazonaws/aws-java-sdk-guardduty/1.11.896/aws-java-sdk-guardduty-1.11.896.jar:/Users/asifsattar/.m2/repository/com/amazonaws/aws-java-sdk-mq/1.11.896/aws-java-sdk-mq-1.11.896.jar:/Users/asifsattar/.m2/repository/com/amazonaws/aws-java-sdk-mediaconvert/1.11.896/aws-java-sdk-mediaconvert-1.11.896.jar:/Users/asifsattar/.m2/repository/com/amazonaws/aws-java-sdk-mediastore/1.11.896/aws-java-sdk-mediastore-1.11.896.jar:/Users/asifsattar/.m2/repository/com/amazonaws/aws-java-sdk-mediastoredata/1.11.896/aws-java-sdk-mediastoredata-1.11.896.jar:/Users/asifsattar/.m2/repository/com/amazonaws/aws-java-sdk-medialive/1.11.896/aws-java-sdk-medialive-1.11.896.jar:/Users/asifsattar/.m2/repository/com/amazonaws/aws-java-sdk-mediapackage/1.11.896/aws-java-sdk-mediapackage-1.11.896.jar:/Users/asifsattar/.m2/repository/com/amazonaws/aws-java-sdk-costexplorer/1.11.896/aws-java-sdk-costexplorer-1.11.896.jar:/Users/asifsattar/.m2/repository/com/amazonaws/aws-java-sdk-pricing/1.11.896/aws-java-sdk-pricing-1.11.896.jar:/Users/asifsattar/.m2/repository/com/amazonaws/aws-java-sdk-mobile/1.11.896/aws-java-sdk-mobile-1.11.896.jar:/Users/asifsattar/.m2/repository/com/amazonaws/aws-java-sdk-cloudhsmv2/1.11.896/aws-java-sdk-cloudhsmv2-1.11.896.jar:/Users/asifsattar/.m2/repository/com/amazonaws/aws-java-sdk-glue/1.11.896/aws-java-sdk-glue-1.11.896.jar:/Users/asifsattar/.m2/repository/com/amazonaws/aws-java-sdk-migrationhub/1.11.896/aws-java-sdk-migrationhub-1.11.896.jar:/Users/asifsattar/.m2/repository/com/amazonaws/aws-java-sdk-dax/1.11.896/aws-java-sdk-dax-1.11.896.jar:/Users/asifsattar/.m2/repository/com/amazonaws/aws-java-sdk-greengrass/1.11.896/aws-java-sdk-greengrass-1.11.896.jar:/Users/asifsattar/.m2/repository/com/amazonaws/aws-java-sdk-athena/1.11.896/aws-java-sdk-athena-1.11.896.jar:/Users/asifsattar/.m2/repository/com/amazonaws/aws-java-sdk-marketplaceentitlement/1.11.896/aws-java-sdk-marketplaceentitlement-1.11.896.jar:/Users/asifsattar/.m2/repository/com/amazonaws/aws-java-sdk-codestar/1.11.896/aws-java-sdk-codestar-1.11.896.jar:/Users/asifsattar/.m2/repository/com/amazonaws/aws-java-sdk-lexmodelbuilding/1.11.896/aws-java-sdk-lexmodelbuilding-1.11.896.jar:/Users/asifsattar/.m2/repository/com/amazonaws/aws-java-sdk-resourcegroupstaggingapi/1.11.896/aws-java-sdk-resourcegroupstaggingapi-1.11.896.jar:/Users/asifsattar/.m2/repository/com/amazonaws/aws-java-sdk-pinpoint/1.11.896/aws-java-sdk-pinpoint-1.11.896.jar:/Users/asifsattar/.m2/repository/com/amazonaws/aws-java-sdk-xray/1.11.896/aws-java-sdk-xray-1.11.896.jar:/Users/asifsattar/.m2/repository/com/amazonaws/aws-java-sdk-opsworkscm/1.11.896/aws-java-sdk-opsworkscm-1.11.896.jar:/Users/asifsattar/.m2/repository/com/amazonaws/aws-java-sdk-support/1.11.896/aws-java-sdk-support-1.11.896.jar:/Users/asifsattar/.m2/repository/com/amazonaws/aws-java-sdk-simpledb/1.11.896/aws-java-sdk-simpledb-1.11.896.jar:/Users/asifsattar/.m2/repository/com/amazonaws/aws-java-sdk-servicecatalog/1.11.896/aws-java-sdk-servicecatalog-1.11.896.jar:/Users/asifsattar/.m2/repository/com/amazonaws/aws-java-sdk-servermigration/1.11.896/aws-java-sdk-servermigration-1.11.896.jar:/Users/asifsattar/.m2/repository/com/amazonaws/aws-java-sdk-simpleworkflow/1.11.896/aws-java-sdk-simpleworkflow-1.11.896.jar:/Users/asifsattar/.m2/repository/com/amazonaws/aws-java-sdk-storagegateway/1.11.896/aws-java-sdk-storagegateway-1.11.896.jar:/Users/asifsattar/.m2/repository/com/amazonaws/aws-java-sdk-route53/1.11.896/aws-java-sdk-route53-1.11.896.jar:/Users/asifsattar/.m2/repository/com/amazonaws/aws-java-sdk-s3/1.11.896/aws-java-sdk-s3-1.11.896.jar:/Users/asifsattar/.m2/repository/com/amazonaws/aws-java-sdk-importexport/1.11.896/aws-java-sdk-importexport-1.11.896.jar:/Users/asifsattar/.m2/repository/com/amazonaws/aws-java-sdk-sts/1.11.896/aws-java-sdk-sts-1.11.896.jar:/Users/asifsattar/.m2/repository/com/amazonaws/aws-java-sdk-sqs/1.11.896/aws-java-sdk-sqs-1.11.896.jar:/Users/asifsattar/.m2/repository/com/amazonaws/aws-java-sdk-rds/1.11.896/aws-java-sdk-rds-1.11.896.jar:/Users/asifsattar/.m2/repository/com/amazonaws/aws-java-sdk-redshift/1.11.896/aws-java-sdk-redshift-1.11.896.jar:/Users/asifsattar/.m2/repository/com/amazonaws/aws-java-sdk-elasticbeanstalk/1.11.896/aws-java-sdk-elasticbeanstalk-1.11.896.jar:/Users/asifsattar/.m2/repository/com/amazonaws/aws-java-sdk-glacier/1.11.896/aws-java-sdk-glacier-1.11.896.jar:/Users/asifsattar/.m2/repository/com/amazonaws/aws-java-sdk-iam/1.11.896/aws-java-sdk-iam-1.11.896.jar:/Users/asifsattar/.m2/repository/com/amazonaws/aws-java-sdk-datapipeline/1.11.896/aws-java-sdk-datapipeline-1.11.896.jar:/Users/asifsattar/.m2/repository/com/amazonaws/aws-java-sdk-elasticloadbalancing/1.11.896/aws-java-sdk-elasticloadbalancing-1.11.896.jar:/Users/asifsattar/.m2/repository/com/amazonaws/aws-java-sdk-elasticloadbalancingv2/1.11.896/aws-java-sdk-elasticloadbalancingv2-1.11.896.jar:/Users/asifsattar/.m2/repository/com/amazonaws/aws-java-sdk-emr/1.11.896/aws-java-sdk-emr-1.11.896.jar:/Users/asifsattar/.m2/repository/com/amazonaws/aws-java-sdk-elasticache/1.11.896/aws-java-sdk-elasticache-1.11.896.jar:/Users/asifsattar/.m2/repository/com/amazonaws/aws-java-sdk-elastictranscoder/1.11.896/aws-java-sdk-elastictranscoder-1.11.896.jar:/Users/asifsattar/.m2/repository/com/amazonaws/aws-java-sdk-ec2/1.11.896/aws-java-sdk-ec2-1.11.896.jar:/Users/asifsattar/.m2/repository/com/amazonaws/aws-java-sdk-dynamodb/1.11.896/aws-java-sdk-dynamodb-1.11.896.jar:/Users/asifsattar/.m2/repository/com/amazonaws/aws-java-sdk-sns/1.11.896/aws-java-sdk-sns-1.11.896.jar:/Users/asifsattar/.m2/repository/com/amazonaws/aws-java-sdk-budgets/1.11.896/aws-java-sdk-budgets-1.11.896.jar:/Users/asifsattar/.m2/repository/com/amazonaws/aws-java-sdk-cloudtrail/1.11.896/aws-java-sdk-cloudtrail-1.11.896.jar:/Users/asifsattar/.m2/repository/com/amazonaws/aws-java-sdk-cloudwatch/1.11.896/aws-java-sdk-cloudwatch-1.11.896.jar:/Users/asifsattar/.m2/repository/com/amazonaws/aws-java-sdk-logs/1.11.896/aws-java-sdk-logs-1.11.896.jar:/Users/asifsattar/.m2/repository/com/amazonaws/aws-java-sdk-events/1.11.896/aws-java-sdk-events-1.11.896.jar:/Users/asifsattar/.m2/repository/com/amazonaws/aws-java-sdk-cognitoidentity/1.11.896/aws-java-sdk-cognitoidentity-1.11.896.jar:/Users/asifsattar/.m2/repository/com/amazonaws/aws-java-sdk-cognitosync/1.11.896/aws-java-sdk-cognitosync-1.11.896.jar:/Users/asifsattar/.m2/repository/com/amazonaws/aws-java-sdk-directconnect/1.11.896/aws-java-sdk-directconnect-1.11.896.jar:/Users/asifsattar/.m2/repository/com/amazonaws/aws-java-sdk-cloudformation/1.11.896/aws-java-sdk-cloudformation-1.11.896.jar:/Users/asifsattar/.m2/repository/com/amazonaws/aws-java-sdk-cloudfront/1.11.896/aws-java-sdk-cloudfront-1.11.896.jar:/Users/asifsattar/.m2/repository/com/amazonaws/aws-java-sdk-clouddirectory/1.11.896/aws-java-sdk-clouddirectory-1.11.896.jar:/Users/asifsattar/.m2/repository/com/amazonaws/aws-java-sdk-kinesis/1.11.896/aws-java-sdk-kinesis-1.11.896.jar:/Users/asifsattar/.m2/repository/com/amazonaws/aws-java-sdk-opsworks/1.11.896/aws-java-sdk-opsworks-1.11.896.jar:/Users/asifsattar/.m2/repository/com/amazonaws/aws-java-sdk-ses/1.11.896/aws-java-sdk-ses-1.11.896.jar:/Users/asifsattar/.m2/repository/com/amazonaws/aws-java-sdk-autoscaling/1.11.896/aws-java-sdk-autoscaling-1.11.896.jar:/Users/asifsattar/.m2/repository/com/amazonaws/aws-java-sdk-cloudsearch/1.11.896/aws-java-sdk-cloudsearch-1.11.896.jar:/Users/asifsattar/.m2/repository/com/amazonaws/aws-java-sdk-cloudwatchmetrics/1.11.896/aws-java-sdk-cloudwatchmetrics-1.11.896.jar:/Users/asifsattar/.m2/repository/com/amazonaws/aws-java-sdk-codedeploy/1.11.896/aws-java-sdk-codedeploy-1.11.896.jar:/Users/asifsattar/.m2/repository/com/amazonaws/aws-java-sdk-codepipeline/1.11.896/aws-java-sdk-codepipeline-1.11.896.jar:/Users/asifsattar/.m2/repository/com/amazonaws/aws-java-sdk-kms/1.11.896/aws-java-sdk-kms-1.11.896.jar:/Users/asifsattar/.m2/repository/com/amazonaws/aws-java-sdk-config/1.11.896/aws-java-sdk-config-1.11.896.jar:/Users/asifsattar/.m2/repository/com/amazonaws/aws-java-sdk-lambda/1.11.896/aws-java-sdk-lambda-1.11.896.jar:/Users/asifsattar/.m2/repository/com/amazonaws/aws-java-sdk-ecs/1.11.896/aws-java-sdk-ecs-1.11.896.jar:/Users/asifsattar/.m2/repository/com/amazonaws/aws-java-sdk-ecr/1.11.896/aws-java-sdk-ecr-1.11.896.jar:/Users/asifsattar/.m2/repository/com/amazonaws/aws-java-sdk-cloudhsm/1.11.896/aws-java-sdk-cloudhsm-1.11.896.jar:/Users/asifsattar/.m2/repository/com/amazonaws/aws-java-sdk-ssm/1.11.896/aws-java-sdk-ssm-1.11.896.jar:/Users/asifsattar/.m2/repository/com/amazonaws/aws-java-sdk-workspaces/1.11.896/aws-java-sdk-workspaces-1.11.896.jar:/Users/asifsattar/.m2/repository/com/amazonaws/aws-java-sdk-machinelearning/1.11.896/aws-java-sdk-machinelearning-1.11.896.jar:/Users/asifsattar/.m2/repository/com/amazonaws/aws-java-sdk-directory/1.11.896/aws-java-sdk-directory-1.11.896.jar:/Users/asifsattar/.m2/repository/com/amazonaws/aws-java-sdk-efs/1.11.896/aws-java-sdk-efs-1.11.896.jar:/Users/asifsattar/.m2/repository/com/amazonaws/aws-java-sdk-codecommit/1.11.896/aws-java-sdk-codecommit-1.11.896.jar:/Users/asifsattar/.m2/repository/com/amazonaws/aws-java-sdk-devicefarm/1.11.896/aws-java-sdk-devicefarm-1.11.896.jar:/Users/asifsattar/.m2/repository/com/amazonaws/aws-java-sdk-elasticsearch/1.11.896/aws-java-sdk-elasticsearch-1.11.896.jar:/Users/asifsattar/.m2/repository/com/amazonaws/aws-java-sdk-waf/1.11.896/aws-java-sdk-waf-1.11.896.jar:/Users/asifsattar/.m2/repository/com/amazonaws/aws-java-sdk-marketplacecommerceanalytics/1.11.896/aws-java-sdk-marketplacecommerceanalytics-1.11.896.jar:/Users/asifsattar/.m2/repository/com/amazonaws/aws-java-sdk-inspector/1.11.896/aws-java-sdk-inspector-1.11.896.jar:/Users/asifsattar/.m2/repository/com/amazonaws/aws-java-sdk-iot/1.11.896/aws-java-sdk-iot-1.11.896.jar:/Users/asifsattar/.m2/repository/com/amazonaws/aws-java-sdk-api-gateway/1.11.896/aws-java-sdk-api-gateway-1.11.896.jar:/Users/asifsattar/.m2/repository/com/amazonaws/aws-java-sdk-acm/1.11.896/aws-java-sdk-acm-1.11.896.jar:/Users/asifsattar/.m2/repository/com/amazonaws/aws-java-sdk-gamelift/1.11.896/aws-java-sdk-gamelift-1.11.896.jar:/Users/asifsattar/.m2/repository/com/amazonaws/aws-java-sdk-dms/1.11.896/aws-java-sdk-dms-1.11.896.jar:/Users/asifsattar/.m2/repository/com/amazonaws/aws-java-sdk-marketplacemeteringservice/1.11.896/aws-java-sdk-marketplacemeteringservice-1.11.896.jar:/Users/asifsattar/.m2/repository/com/amazonaws/aws-java-sdk-cognitoidp/1.11.896/aws-java-sdk-cognitoidp-1.11.896.jar:/Users/asifsattar/.m2/repository/com/amazonaws/aws-java-sdk-discovery/1.11.896/aws-java-sdk-discovery-1.11.896.jar:/Users/asifsattar/.m2/repository/com/amazonaws/aws-java-sdk-applicationautoscaling/1.11.896/aws-java-sdk-applicationautoscaling-1.11.896.jar:/Users/asifsattar/.m2/repository/com/amazonaws/aws-java-sdk-snowball/1.11.896/aws-java-sdk-snowball-1.11.896.jar:/Users/asifsattar/.m2/repository/com/amazonaws/aws-java-sdk-rekognition/1.11.896/aws-java-sdk-rekognition-1.11.896.jar:/Users/asifsattar/.m2/repository/com/amazonaws/aws-java-sdk-polly/1.11.896/aws-java-sdk-polly-1.11.896.jar:/Users/asifsattar/.m2/repository/com/amazonaws/aws-java-sdk-lightsail/1.11.896/aws-java-sdk-lightsail-1.11.896.jar:/Users/asifsattar/.m2/repository/com/amazonaws/aws-java-sdk-stepfunctions/1.11.896/aws-java-sdk-stepfunctions-1.11.896.jar:/Users/asifsattar/.m2/repository/com/amazonaws/aws-java-sdk-health/1.11.896/aws-java-sdk-health-1.11.896.jar:/Users/asifsattar/.m2/repository/com/amazonaws/aws-java-sdk-costandusagereport/1.11.896/aws-java-sdk-costandusagereport-1.11.896.jar:/Users/asifsattar/.m2/repository/com/amazonaws/aws-java-sdk-codebuild/1.11.896/aws-java-sdk-codebuild-1.11.896.jar:/Users/asifsattar/.m2/repository/com/amazonaws/aws-java-sdk-appstream/1.11.896/aws-java-sdk-appstream-1.11.896.jar:/Users/asifsattar/.m2/repository/com/amazonaws/aws-java-sdk-shield/1.11.896/aws-java-sdk-shield-1.11.896.jar:/Users/asifsattar/.m2/repository/com/amazonaws/aws-java-sdk-batch/1.11.896/aws-java-sdk-batch-1.11.896.jar:/Users/asifsattar/.m2/repository/com/amazonaws/aws-java-sdk-lex/1.11.896/aws-java-sdk-lex-1.11.896.jar:/Users/asifsattar/.m2/repository/com/amazonaws/aws-java-sdk-mechanicalturkrequester/1.11.896/aws-java-sdk-mechanicalturkrequester-1.11.896.jar:/Users/asifsattar/.m2/repository/com/amazonaws/aws-java-sdk-organizations/1.11.896/aws-java-sdk-organizations-1.11.896.jar:/Users/asifsattar/.m2/repository/com/amazonaws/aws-java-sdk-workdocs/1.11.896/aws-java-sdk-workdocs-1.11.896.jar:/Users/asifsattar/.m2/repository/com/amazonaws/aws-java-sdk-core/1.11.896/aws-java-sdk-core-1.11.896.jar:/Users/asifsattar/.m2/repository/commons-logging/commons-logging/1.1.3/commons-logging-1.1.3.jar:/Users/asifsattar/.m2/repository/software/amazon/ion/ion-java/1.0.2/ion-java-1.0.2.jar:/Users/asifsattar/.m2/repository/com/fasterxml/jackson/dataformat/jackson-dataformat-cbor/2.9.5/jackson-dataformat-cbor-2.9.5.jar:/Users/asifsattar/.m2/repository/com/amazonaws/aws-java-sdk-models/1.11.896/aws-java-sdk-models-1.11.896.jar:/Users/asifsattar/.m2/repository/com/amazonaws/aws-java-sdk-swf-libraries/1.11.22/aws-java-sdk-swf-libraries-1.11.22.jar:/Users/asifsattar/.m2/repository/com/twilio/sdk/twilio/7.55.1/twilio-7.55.1.jar:/Users/asifsattar/.m2/repository/com/google/guava/guava/29.0-android/guava-29.0-android.jar:/Users/asifsattar/.m2/repository/com/google/guava/failureaccess/1.0.1/failureaccess-1.0.1.jar:/Users/asifsattar/.m2/repository/com/google/guava/listenablefuture/9999.0-empty-to-avoid-conflict-with-guava/listenablefuture-9999.0-empty-to-avoid-conflict-with-guava.jar:/Users/asifsattar/.m2/repository/com/google/code/findbugs/jsr305/3.0.2/jsr305-3.0.2.jar:/Users/asifsattar/.m2/repository/org/checkerframework/checker-compat-qual/2.5.5/checker-compat-qual-2.5.5.jar:/Users/asifsattar/.m2/repository/com/google/errorprone/error_prone_annotations/2.3.4/error_prone_annotations-2.3.4.jar:/Users/asifsattar/.m2/repository/com/google/j2objc/j2objc-annotations/1.3/j2objc-annotations-1.3.jar:/Users/asifsattar/.m2/repository/joda-time/joda-time/2.9.9/joda-time-2.9.9.jar:/Users/asifsattar/.m2/repository/io/jsonwebtoken/jjwt-api/0.11.2/jjwt-api-0.11.2.jar:/Users/asifsattar/.m2/repository/io/jsonwebtoken/jjwt-jackson/0.11.2/jjwt-jackson-0.11.2.jar:/Users/asifsattar/.m2/repository/io/jsonwebtoken/jjwt-impl/0.11.2/jjwt-impl-0.11.2.jar:/Users/asifsattar/.m2/repository/org/apache/httpcomponents/httpclient/4.5.5/httpclient-4.5.5.jar:/Users/asifsattar/.m2/repository/org/apache/httpcomponents/httpcore/4.4.9/httpcore-4.4.9.jar:/Users/asifsattar/.m2/repository/com/fasterxml/jackson/core/jackson-core/2.9.5/jackson-core-2.9.5.jar:/Users/asifsattar/.m2/repository/com/fasterxml/jackson/core/jackson-annotations/2.9.0/jackson-annotations-2.9.0.jar:/Users/asifsattar/.m2/repository/com/fasterxml/jackson/core/jackson-databind/2.9.5/jackson-databind-2.9.5.jar:/Users/asifsattar/.m2/repository/javax/xml/bind/jaxb-api/2.3.0/jaxb-api-2.3.0.jar:/Users/asifsattar/.m2/repository/io/jsonwebtoken/jjwt/0.9.1/jjwt-0.9.1.jar:/Users/asifsattar/.m2/repository/mysql/mysql-connector-java/5.1.46/mysql-connector-java-5.1.46.jar:/Users/asifsattar/.m2/repository/org/springframework/boot/spring-boot-starter-data-jpa/2.0.2.RELEASE/spring-boot-starter-data-jpa-2.0.2.RELEASE.jar:/Users/asifsattar/.m2/repository/org/springframework/boot/spring-boot-starter-aop/2.0.2.RELEASE/spring-boot-starter-aop-2.0.2.RELEASE.jar:/Users/asifsattar/.m2/repository/org/aspectj/aspectjweaver/1.8.13/aspectjweaver-1.8.13.jar:/Users/asifsattar/.m2/repository/org/springframework/boot/spring-boot-starter-jdbc/2.0.2.RELEASE/spring-boot-starter-jdbc-2.0.2.RELEASE.jar:/Users/asifsattar/.m2/repository/com/zaxxer/HikariCP/2.7.9/HikariCP-2.7.9.jar:/Users/asifsattar/.m2/repository/org/springframework/spring-jdbc/5.0.6.RELEASE/spring-jdbc-5.0.6.RELEASE.jar:/Users/asifsattar/.m2/repository/org/hibernate/hibernate-core/5.2.17.Final/hibernate-core-5.2.17.Final.jar:/Users/asifsattar/.m2/repository/org/hibernate/javax/persistence/hibernate-jpa-2.1-api/1.0.0.Final/hibernate-jpa-2.1-api-1.0.0.Final.jar:/Users/asifsattar/.m2/repository/org/javassist/javassist/3.22.0-GA/javassist-3.22.0-GA.jar:/Users/asifsattar/.m2/repository/antlr/antlr/2.7.7/antlr-2.7.7.jar:/Users/asifsattar/.m2/repository/org/jboss/jandex/2.0.3.Final/jandex-2.0.3.Final.jar:/Users/asifsattar/.m2/repository/dom4j/dom4j/1.6.1/dom4j-1.6.1.jar:/Users/asifsattar/.m2/repository/org/hibernate/common/hibernate-commons-annotations/5.0.1.Final/hibernate-commons-annotations-5.0.1.Final.jar:/Users/asifsattar/.m2/repository/javax/transaction/javax.transaction-api/1.2/javax.transaction-api-1.2.jar:/Users/asifsattar/.m2/repository/org/springframework/data/spring-data-jpa/2.0.7.RELEASE/spring-data-jpa-2.0.7.RELEASE.jar:/Users/asifsattar/.m2/repository/org/springframework/data/spring-data-commons/2.0.7.RELEASE/spring-data-commons-2.0.7.RELEASE.jar:/Users/asifsattar/.m2/repository/org/springframework/spring-orm/5.0.6.RELEASE/spring-orm-5.0.6.RELEASE.jar:/Users/asifsattar/.m2/repository/org/springframework/spring-tx/5.0.6.RELEASE/spring-tx-5.0.6.RELEASE.jar:/Users/asifsattar/.m2/repository/org/springframework/spring-aspects/5.0.6.RELEASE/spring-aspects-5.0.6.RELEASE.jar:/Users/asifsattar/.m2/repository/org/webjars/bootstrap/3.3.7/bootstrap-3.3.7.jar:/Users/asifsattar/.m2/repository/org/webjars/jquery/1.11.1/jquery-1.11.1.jar:/Users/asifsattar/.m2/repository/org/springframework/boot/spring-boot-starter-test/2.0.2.RELEASE/spring-boot-starter-test-2.0.2.RELEASE.jar:/Users/asifsattar/.m2/repository/org/springframework/boot/spring-boot-test/2.0.2.RELEASE/spring-boot-test-2.0.2.RELEASE.jar:/Users/asifsattar/.m2/repository/org/springframework/boot/spring-boot-test-autoconfigure/2.0.2.RELEASE/spring-boot-test-autoconfigure-2.0.2.RELEASE.jar:/Users/asifsattar/.m2/repository/com/jayway/jsonpath/json-path/2.4.0/json-path-2.4.0.jar:/Users/asifsattar/.m2/repository/net/minidev/json-smart/2.3/json-smart-2.3.jar:/Users/asifsattar/.m2/repository/net/minidev/accessors-smart/1.2/accessors-smart-1.2.jar:/Users/asifsattar/.m2/repository/org/ow2/asm/asm/5.0.4/asm-5.0.4.jar:/Users/asifsattar/.m2/repository/junit/junit/4.12/junit-4.12.jar:/Users/asifsattar/.m2/repository/org/assertj/assertj-core/3.9.1/assertj-core-3.9.1.jar:/Users/asifsattar/.m2/repository/org/mockito/mockito-core/2.15.0/mockito-core-2.15.0.jar:/Users/asifsattar/.m2/repository/net/bytebuddy/byte-buddy/1.7.11/byte-buddy-1.7.11.jar:/Users/asifsattar/.m2/repository/net/bytebuddy/byte-buddy-agent/1.7.11/byte-buddy-agent-1.7.11.jar:/Users/asifsattar/.m2/repository/org/objenesis/objenesis/2.6/objenesis-2.6.jar:/Users/asifsattar/.m2/repository/org/hamcrest/hamcrest-core/1.3/hamcrest-core-1.3.jar:/Users/asifsattar/.m2/repository/org/hamcrest/hamcrest-library/1.3/hamcrest-library-1.3.jar:/Users/asifsattar/.m2/repository/org/skyscreamer/jsonassert/1.5.0/jsonassert-1.5.0.jar:/Users/asifsattar/.m2/repository/com/vaadin/external/google/android-json/0.0.20131108.vaadin1/android-json-0.0.20131108.vaadin1.jar:/Users/asifsattar/.m2/repository/org/springframework/spring-core/5.0.6.RELEASE/spring-core-5.0.6.RELEASE.jar:/Users/asifsattar/.m2/repository/org/springframework/spring-jcl/5.0.6.RELEASE/spring-jcl-5.0.6.RELEASE.jar:/Users/asifsattar/.m2/repository/org/springframework/spring-test/5.0.6.RELEASE/spring-test-5.0.6.RELEASE.jar:/Users/asifsattar/.m2/repository/org/xmlunit/xmlunit-core/2.5.1/xmlunit-core-2.5.1.jar:/Users/asifsattar/.m2/repository/com/itextpdf/itextpdf/5.5.13.2/itextpdf-5.5.13.2.jar:/Users/asifsattar/.m2/repository/com/itextpdf/tool/xmlworker/5.5.13.2/xmlworker-5.5.13.2.jar:"/>
    <property name="java.vm.vendor" value="&quot;Oracle Corporation&quot;"/>
    <property name="sun.arch.data.model" value="64"/>
    <property name="java.vendor.url" value="http://java.oracle.com/"/>
    <property name="user.timezone" value=""/>
    <property name="java.vm.specification.version" value="10"/>
    <property name="os.name" value="Mac OS X"/>
    <property name="sun.java.launcher" value="SUN_STANDARD"/>
    <property name="user.country" value="IN"/>
    <property name="sun.boot.library.path" value="/Library/Java/JavaVirtualMachines/jdk-10.0.2.jdk/Contents/Home/lib"/>
    <property name="sun.java.command" value="/Users/asifsattar/Downloads/spring-boot-ajax-master/target/surefire/surefirebooter12837432493616197629.jar /Users/asifsattar/Downloads/spring-boot-ajax-master/target/surefire 2020-11-12T19-00-15_026-jvmRun1 surefire1047991450202700809tmp surefire_06952918794771364811tmp"/>
    <property name="http.nonProxyHosts" value="local|*.local|169.254/16|*.169.254/16"/>
    <property name="jdk.debug" value="release"/>
    <property name="surefire.test.class.path" value="/Users/asifsattar/Downloads/spring-boot-ajax-master/target/test-classes:/Users/asifsattar/Downloads/spring-boot-ajax-master/target/classes:/Users/asifsattar/.m2/repository/commons-io/commons-io/2.6/commons-io-2.6.jar:/Users/asifsattar/.m2/repository/com/sun/jersey/jersey-json/1.19.4/jersey-json-1.19.4.jar:/Users/asifsattar/.m2/repository/org/codehaus/jettison/jettison/1.1/jettison-1.1.jar:/Users/asifsattar/.m2/repository/com/sun/xml/bind/jaxb-impl/2.2.3-1/jaxb-impl-2.2.3-1.jar:/Users/asifsattar/.m2/repository/org/codehaus/jackson/jackson-core-asl/1.9.2/jackson-core-asl-1.9.2.jar:/Users/asifsattar/.m2/repository/org/codehaus/jackson/jackson-mapper-asl/1.9.2/jackson-mapper-asl-1.9.2.jar:/Users/asifsattar/.m2/repository/org/codehaus/jackson/jackson-jaxrs/1.9.2/jackson-jaxrs-1.9.2.jar:/Users/asifsattar/.m2/repository/org/codehaus/jackson/jackson-xc/1.9.2/jackson-xc-1.9.2.jar:/Users/asifsattar/.m2/repository/com/sun/jersey/jersey-core/1.19.4/jersey-core-1.19.4.jar:/Users/asifsattar/.m2/repository/javax/ws/rs/jsr311-api/1.1.1/jsr311-api-1.1.1.jar:/Users/asifsattar/.m2/repository/com/sun/jersey/jersey-client/1.19.4/jersey-client-1.19.4.jar:/Users/asifsattar/.m2/repository/net/jodah/failsafe/2.0.1/failsafe-2.0.1.jar:/Users/asifsattar/.m2/repository/org/bouncycastle/bcprov-jdk15on/1.57/bcprov-jdk15on-1.57.jar:/Users/asifsattar/.m2/repository/javax/ws/rs/javax.ws.rs-api/2.1/javax.ws.rs-api-2.1.jar:/Users/asifsattar/.m2/repository/com/squareup/okhttp3/okhttp/3.10.0/okhttp-3.10.0.jar:/Users/asifsattar/.m2/repository/com/squareup/okio/okio/1.14.0/okio-1.14.0.jar:/Users/asifsattar/.m2/repository/org/springframework/boot/spring-boot-starter-thymeleaf/2.0.2.RELEASE/spring-boot-starter-thymeleaf-2.0.2.RELEASE.jar:/Users/asifsattar/.m2/repository/org/springframework/boot/spring-boot-starter/2.0.2.RELEASE/spring-boot-starter-2.0.2.RELEASE.jar:/Users/asifsattar/.m2/repository/org/springframework/boot/spring-boot-starter-logging/2.0.2.RELEASE/spring-boot-starter-logging-2.0.2.RELEASE.jar:/Users/asifsattar/.m2/repository/ch/qos/logback/logback-classic/1.2.3/logback-classic-1.2.3.jar:/Users/asifsattar/.m2/repository/ch/qos/logback/logback-core/1.2.3/logback-core-1.2.3.jar:/Users/asifsattar/.m2/repository/org/apache/logging/log4j/log4j-to-slf4j/2.10.0/log4j-to-slf4j-2.10.0.jar:/Users/asifsattar/.m2/repository/org/apache/logging/log4j/log4j-api/2.10.0/log4j-api-2.10.0.jar:/Users/asifsattar/.m2/repository/org/slf4j/jul-to-slf4j/1.7.25/jul-to-slf4j-1.7.25.jar:/Users/asifsattar/.m2/repository/javax/annotation/javax.annotation-api/1.3.2/javax.annotation-api-1.3.2.jar:/Users/asifsattar/.m2/repository/org/yaml/snakeyaml/1.19/snakeyaml-1.19.jar:/Users/asifsattar/.m2/repository/org/thymeleaf/thymeleaf-spring5/3.0.9.RELEASE/thymeleaf-spring5-3.0.9.RELEASE.jar:/Users/asifsattar/.m2/repository/org/thymeleaf/thymeleaf/3.0.9.RELEASE/thymeleaf-3.0.9.RELEASE.jar:/Users/asifsattar/.m2/repository/org/attoparser/attoparser/2.0.4.RELEASE/attoparser-2.0.4.RELEASE.jar:/Users/asifsattar/.m2/repository/org/unbescape/unbescape/1.1.5.RELEASE/unbescape-1.1.5.RELEASE.jar:/Users/asifsattar/.m2/repository/org/slf4j/slf4j-api/1.7.25/slf4j-api-1.7.25.jar:/Users/asifsattar/.m2/repository/org/thymeleaf/extras/thymeleaf-extras-java8time/3.0.1.RELEASE/thymeleaf-extras-java8time-3.0.1.RELEASE.jar:/Users/asifsattar/.m2/repository/org/springframework/boot/spring-boot-starter-web/2.0.2.RELEASE/spring-boot-starter-web-2.0.2.RELEASE.jar:/Users/asifsattar/.m2/repository/org/springframework/boot/spring-boot-starter-json/2.0.2.RELEASE/spring-boot-starter-json-2.0.2.RELEASE.jar:/Users/asifsattar/.m2/repository/com/fasterxml/jackson/datatype/jackson-datatype-jdk8/2.9.5/jackson-datatype-jdk8-2.9.5.jar:/Users/asifsattar/.m2/repository/com/fasterxml/jackson/datatype/jackson-datatype-jsr310/2.9.5/jackson-datatype-jsr310-2.9.5.jar:/Users/asifsattar/.m2/repository/com/fasterxml/jackson/module/jackson-module-parameter-names/2.9.5/jackson-module-parameter-names-2.9.5.jar:/Users/asifsattar/.m2/repository/org/springframework/boot/spring-boot-starter-tomcat/2.0.2.RELEASE/spring-boot-starter-tomcat-2.0.2.RELEASE.jar:/Users/asifsattar/.m2/repository/org/apache/tomcat/embed/tomcat-embed-core/8.5.31/tomcat-embed-core-8.5.31.jar:/Users/asifsattar/.m2/repository/org/apache/tomcat/embed/tomcat-embed-el/8.5.31/tomcat-embed-el-8.5.31.jar:/Users/asifsattar/.m2/repository/org/apache/tomcat/embed/tomcat-embed-websocket/8.5.31/tomcat-embed-websocket-8.5.31.jar:/Users/asifsattar/.m2/repository/org/hibernate/validator/hibernate-validator/6.0.9.Final/hibernate-validator-6.0.9.Final.jar:/Users/asifsattar/.m2/repository/javax/validation/validation-api/2.0.1.Final/validation-api-2.0.1.Final.jar:/Users/asifsattar/.m2/repository/org/jboss/logging/jboss-logging/3.3.2.Final/jboss-logging-3.3.2.Final.jar:/Users/asifsattar/.m2/repository/com/fasterxml/classmate/1.3.4/classmate-1.3.4.jar:/Users/asifsattar/.m2/repository/org/springframework/spring-web/5.0.6.RELEASE/spring-web-5.0.6.RELEASE.jar:/Users/asifsattar/.m2/repository/org/springframework/spring-beans/5.0.6.RELEASE/spring-beans-5.0.6.RELEASE.jar:/Users/asifsattar/.m2/repository/org/springframework/spring-webmvc/5.0.6.RELEASE/spring-webmvc-5.0.6.RELEASE.jar:/Users/asifsattar/.m2/repository/org/springframework/spring-context/5.0.6.RELEASE/spring-context-5.0.6.RELEASE.jar:/Users/asifsattar/.m2/repository/org/springframework/spring-expression/5.0.6.RELEASE/spring-expression-5.0.6.RELEASE.jar:/Users/asifsattar/.m2/repository/org/springframework/boot/spring-boot-starter-security/2.0.2.RELEASE/spring-boot-starter-security-2.0.2.RELEASE.jar:/Users/asifsattar/.m2/repository/org/springframework/spring-aop/5.0.6.RELEASE/spring-aop-5.0.6.RELEASE.jar:/Users/asifsattar/.m2/repository/org/springframework/security/spring-security-config/5.0.5.RELEASE/spring-security-config-5.0.5.RELEASE.jar:/Users/asifsattar/.m2/repository/org/springframework/security/spring-security-core/5.0.5.RELEASE/spring-security-core-5.0.5.RELEASE.jar:/Users/asifsattar/.m2/repository/org/springframework/security/spring-security-web/5.0.5.RELEASE/spring-security-web-5.0.5.RELEASE.jar:/Users/asifsattar/.m2/repository/org/springframework/boot/spring-boot-devtools/2.0.2.RELEASE/spring-boot-devtools-2.0.2.RELEASE.jar:/Users/asifsattar/.m2/repository/org/springframework/boot/spring-boot/2.0.2.RELEASE/spring-boot-2.0.2.RELEASE.jar:/Users/asifsattar/.m2/repository/org/springframework/boot/spring-boot-autoconfigure/2.0.2.RELEASE/spring-boot-autoconfigure-2.0.2.RELEASE.jar:/Users/asifsattar/.m2/repository/com/amazonaws/aws-java-sdk/1.11.896/aws-java-sdk-1.11.896.jar:/Users/asifsattar/.m2/repository/com/amazonaws/aws-java-sdk-s3outposts/1.11.896/aws-java-sdk-s3outposts-1.11.896.jar:/Users/asifsattar/.m2/repository/com/amazonaws/jmespath-java/1.11.896/jmespath-java-1.11.896.jar:/Users/asifsattar/.m2/repository/com/amazonaws/aws-java-sdk-timestreamquery/1.11.896/aws-java-sdk-timestreamquery-1.11.896.jar:/Users/asifsattar/.m2/repository/com/amazonaws/aws-java-sdk-timestreamwrite/1.11.896/aws-java-sdk-timestreamwrite-1.11.896.jar:/Users/asifsattar/.m2/repository/com/amazonaws/aws-java-sdk-ssoadmin/1.11.896/aws-java-sdk-ssoadmin-1.11.896.jar:/Users/asifsattar/.m2/repository/com/amazonaws/aws-java-sdk-redshiftdataapi/1.11.896/aws-java-sdk-redshiftdataapi-1.11.896.jar:/Users/asifsattar/.m2/repository/com/amazonaws/aws-java-sdk-appflow/1.11.896/aws-java-sdk-appflow-1.11.896.jar:/Users/asifsattar/.m2/repository/com/amazonaws/aws-java-sdk-identitystore/1.11.896/aws-java-sdk-identitystore-1.11.896.jar:/Users/asifsattar/.m2/repository/com/amazonaws/aws-java-sdk-braket/1.11.896/aws-java-sdk-braket-1.11.896.jar:/Users/asifsattar/.m2/repository/com/amazonaws/aws-java-sdk-ivs/1.11.896/aws-java-sdk-ivs-1.11.896.jar:/Users/asifsattar/.m2/repository/com/amazonaws/aws-java-sdk-honeycode/1.11.896/aws-java-sdk-honeycode-1.11.896.jar:/Users/asifsattar/.m2/repository/com/amazonaws/aws-java-sdk-codeartifact/1.11.896/aws-java-sdk-codeartifact-1.11.896.jar:/Users/asifsattar/.m2/repository/com/amazonaws/aws-java-sdk-macie2/1.11.896/aws-java-sdk-macie2-1.11.896.jar:/Users/asifsattar/.m2/repository/com/amazonaws/aws-java-sdk-iotsitewise/1.11.896/aws-java-sdk-iotsitewise-1.11.896.jar:/Users/asifsattar/.m2/repository/com/amazonaws/aws-java-sdk-synthetics/1.11.896/aws-java-sdk-synthetics-1.11.896.jar:/Users/asifsattar/.m2/repository/com/amazonaws/aws-java-sdk-codestarconnections/1.11.896/aws-java-sdk-codestarconnections-1.11.896.jar:/Users/asifsattar/.m2/repository/com/amazonaws/aws-java-sdk-detective/1.11.896/aws-java-sdk-detective-1.11.896.jar:/Users/asifsattar/.m2/repository/com/amazonaws/aws-java-sdk-kinesisvideosignalingchannels/1.11.896/aws-java-sdk-kinesisvideosignalingchannels-1.11.896.jar:/Users/asifsattar/.m2/repository/com/amazonaws/aws-java-sdk-ebs/1.11.896/aws-java-sdk-ebs-1.11.896.jar:/Users/asifsattar/.m2/repository/com/amazonaws/aws-java-sdk-augmentedairuntime/1.11.896/aws-java-sdk-augmentedairuntime-1.11.896.jar:/Users/asifsattar/.m2/repository/com/amazonaws/aws-java-sdk-outposts/1.11.896/aws-java-sdk-outposts-1.11.896.jar:/Users/asifsattar/.m2/repository/com/amazonaws/aws-java-sdk-codeguruprofiler/1.11.896/aws-java-sdk-codeguruprofiler-1.11.896.jar:/Users/asifsattar/.m2/repository/com/amazonaws/aws-java-sdk-codegurureviewer/1.11.896/aws-java-sdk-codegurureviewer-1.11.896.jar:/Users/asifsattar/.m2/repository/com/amazonaws/aws-java-sdk-frauddetector/1.11.896/aws-java-sdk-frauddetector-1.11.896.jar:/Users/asifsattar/.m2/repository/com/amazonaws/aws-java-sdk-kendra/1.11.896/aws-java-sdk-kendra-1.11.896.jar:/Users/asifsattar/.m2/repository/com/amazonaws/aws-java-sdk-networkmanager/1.11.896/aws-java-sdk-networkmanager-1.11.896.jar:/Users/asifsattar/.m2/repository/com/amazonaws/aws-java-sdk-computeoptimizer/1.11.896/aws-java-sdk-computeoptimizer-1.11.896.jar:/Users/asifsattar/.m2/repository/com/amazonaws/aws-java-sdk-accessanalyzer/1.11.896/aws-java-sdk-accessanalyzer-1.11.896.jar:/Users/asifsattar/.m2/repository/com/amazonaws/aws-java-sdk-schemas/1.11.896/aws-java-sdk-schemas-1.11.896.jar:/Users/asifsattar/.m2/repository/com/amazonaws/aws-java-sdk-imagebuilder/1.11.896/aws-java-sdk-imagebuilder-1.11.896.jar:/Users/asifsattar/.m2/repository/com/amazonaws/aws-java-sdk-elasticinference/1.11.896/aws-java-sdk-elasticinference-1.11.896.jar:/Users/asifsattar/.m2/repository/com/amazonaws/aws-java-sdk-iotsecuretunneling/1.11.896/aws-java-sdk-iotsecuretunneling-1.11.896.jar:/Users/asifsattar/.m2/repository/com/amazonaws/aws-java-sdk-appconfig/1.11.896/aws-java-sdk-appconfig-1.11.896.jar:/Users/asifsattar/.m2/repository/com/amazonaws/aws-java-sdk-wafv2/1.11.896/aws-java-sdk-wafv2-1.11.896.jar:/Users/asifsattar/.m2/repository/com/amazonaws/aws-java-sdk-connectparticipant/1.11.896/aws-java-sdk-connectparticipant-1.11.896.jar:/Users/asifsattar/.m2/repository/com/amazonaws/aws-java-sdk-migrationhubconfig/1.11.896/aws-java-sdk-migrationhubconfig-1.11.896.jar:/Users/asifsattar/.m2/repository/com/amazonaws/aws-java-sdk-dataexchange/1.11.896/aws-java-sdk-dataexchange-1.11.896.jar:/Users/asifsattar/.m2/repository/com/amazonaws/aws-java-sdk-sesv2/1.11.896/aws-java-sdk-sesv2-1.11.896.jar:/Users/asifsattar/.m2/repository/com/amazonaws/aws-java-sdk-marketplacecatalog/1.11.896/aws-java-sdk-marketplacecatalog-1.11.896.jar:/Users/asifsattar/.m2/repository/com/amazonaws/aws-java-sdk-ssooidc/1.11.896/aws-java-sdk-ssooidc-1.11.896.jar:/Users/asifsattar/.m2/repository/com/amazonaws/aws-java-sdk-sso/1.11.896/aws-java-sdk-sso-1.11.896.jar:/Users/asifsattar/.m2/repository/com/amazonaws/aws-java-sdk-savingsplans/1.11.896/aws-java-sdk-savingsplans-1.11.896.jar:/Users/asifsattar/.m2/repository/com/amazonaws/aws-java-sdk-codestarnotifications/1.11.896/aws-java-sdk-codestarnotifications-1.11.896.jar:/Users/asifsattar/.m2/repository/com/amazonaws/aws-java-sdk-workmailmessageflow/1.11.896/aws-java-sdk-workmailmessageflow-1.11.896.jar:/Users/asifsattar/.m2/repository/com/amazonaws/aws-java-sdk-qldbsession/1.11.896/aws-java-sdk-qldbsession-1.11.896.jar:/Users/asifsattar/.m2/repository/com/amazonaws/aws-java-sdk-qldb/1.11.896/aws-java-sdk-qldb-1.11.896.jar:/Users/asifsattar/.m2/repository/com/amazonaws/aws-java-sdk-forecastquery/1.11.896/aws-java-sdk-forecastquery-1.11.896.jar:/Users/asifsattar/.m2/repository/com/amazonaws/aws-java-sdk-forecast/1.11.896/aws-java-sdk-forecast-1.11.896.jar:/Users/asifsattar/.m2/repository/com/amazonaws/aws-java-sdk-lakeformation/1.11.896/aws-java-sdk-lakeformation-1.11.896.jar:/Users/asifsattar/.m2/repository/com/amazonaws/aws-java-sdk-eventbridge/1.11.896/aws-java-sdk-eventbridge-1.11.896.jar:/Users/asifsattar/.m2/repository/com/amazonaws/aws-java-sdk-ec2instanceconnect/1.11.896/aws-java-sdk-ec2instanceconnect-1.11.896.jar:/Users/asifsattar/.m2/repository/com/amazonaws/aws-java-sdk-applicationinsights/1.11.896/aws-java-sdk-applicationinsights-1.11.896.jar:/Users/asifsattar/.m2/repository/com/amazonaws/aws-java-sdk-servicequotas/1.11.896/aws-java-sdk-servicequotas-1.11.896.jar:/Users/asifsattar/.m2/repository/com/amazonaws/aws-java-sdk-personalizeevents/1.11.896/aws-java-sdk-personalizeevents-1.11.896.jar:/Users/asifsattar/.m2/repository/com/amazonaws/aws-java-sdk-personalize/1.11.896/aws-java-sdk-personalize-1.11.896.jar:/Users/asifsattar/.m2/repository/com/amazonaws/aws-java-sdk-personalizeruntime/1.11.896/aws-java-sdk-personalizeruntime-1.11.896.jar:/Users/asifsattar/.m2/repository/com/amazonaws/aws-java-sdk-ioteventsdata/1.11.896/aws-java-sdk-ioteventsdata-1.11.896.jar:/Users/asifsattar/.m2/repository/com/amazonaws/aws-java-sdk-iotevents/1.11.896/aws-java-sdk-iotevents-1.11.896.jar:/Users/asifsattar/.m2/repository/com/amazonaws/aws-java-sdk-iotthingsgraph/1.11.896/aws-java-sdk-iotthingsgraph-1.11.896.jar:/Users/asifsattar/.m2/repository/com/amazonaws/aws-java-sdk-groundstation/1.11.896/aws-java-sdk-groundstation-1.11.896.jar:/Users/asifsattar/.m2/repository/com/amazonaws/aws-java-sdk-mediapackagevod/1.11.896/aws-java-sdk-mediapackagevod-1.11.896.jar:/Users/asifsattar/.m2/repository/com/amazonaws/aws-java-sdk-managedblockchain/1.11.896/aws-java-sdk-managedblockchain-1.11.896.jar:/Users/asifsattar/.m2/repository/com/amazonaws/aws-java-sdk-textract/1.11.896/aws-java-sdk-textract-1.11.896.jar:/Users/asifsattar/.m2/repository/com/amazonaws/aws-java-sdk-worklink/1.11.896/aws-java-sdk-worklink-1.11.896.jar:/Users/asifsattar/.m2/repository/com/amazonaws/aws-java-sdk-backup/1.11.896/aws-java-sdk-backup-1.11.896.jar:/Users/asifsattar/.m2/repository/com/amazonaws/aws-java-sdk-docdb/1.11.896/aws-java-sdk-docdb-1.11.896.jar:/Users/asifsattar/.m2/repository/com/amazonaws/aws-java-sdk-apigatewayv2/1.11.896/aws-java-sdk-apigatewayv2-1.11.896.jar:/Users/asifsattar/.m2/repository/com/amazonaws/aws-java-sdk-apigatewaymanagementapi/1.11.896/aws-java-sdk-apigatewaymanagementapi-1.11.896.jar:/Users/asifsattar/.m2/repository/com/amazonaws/aws-java-sdk-kafka/1.11.896/aws-java-sdk-kafka-1.11.896.jar:/Users/asifsattar/.m2/repository/com/amazonaws/aws-java-sdk-appmesh/1.11.896/aws-java-sdk-appmesh-1.11.896.jar:/Users/asifsattar/.m2/repository/com/amazonaws/aws-java-sdk-licensemanager/1.11.896/aws-java-sdk-licensemanager-1.11.896.jar:/Users/asifsattar/.m2/repository/com/amazonaws/aws-java-sdk-securityhub/1.11.896/aws-java-sdk-securityhub-1.11.896.jar:/Users/asifsattar/.m2/repository/com/amazonaws/aws-java-sdk-fsx/1.11.896/aws-java-sdk-fsx-1.11.896.jar:/Users/asifsattar/.m2/repository/com/amazonaws/aws-java-sdk-mediaconnect/1.11.896/aws-java-sdk-mediaconnect-1.11.896.jar:/Users/asifsattar/.m2/repository/com/amazonaws/aws-java-sdk-kinesisanalyticsv2/1.11.896/aws-java-sdk-kinesisanalyticsv2-1.11.896.jar:/Users/asifsattar/.m2/repository/com/amazonaws/aws-java-sdk-comprehendmedical/1.11.896/aws-java-sdk-comprehendmedical-1.11.896.jar:/Users/asifsattar/.m2/repository/com/amazonaws/aws-java-sdk-globalaccelerator/1.11.896/aws-java-sdk-globalaccelerator-1.11.896.jar:/Users/asifsattar/.m2/repository/com/amazonaws/aws-java-sdk-transfer/1.11.896/aws-java-sdk-transfer-1.11.896.jar:/Users/asifsattar/.m2/repository/com/amazonaws/aws-java-sdk-datasync/1.11.896/aws-java-sdk-datasync-1.11.896.jar:/Users/asifsattar/.m2/repository/com/amazonaws/aws-java-sdk-robomaker/1.11.896/aws-java-sdk-robomaker-1.11.896.jar:/Users/asifsattar/.m2/repository/com/amazonaws/aws-java-sdk-amplify/1.11.896/aws-java-sdk-amplify-1.11.896.jar:/Users/asifsattar/.m2/repository/com/amazonaws/aws-java-sdk-quicksight/1.11.896/aws-java-sdk-quicksight-1.11.896.jar:/Users/asifsattar/.m2/repository/com/amazonaws/aws-java-sdk-rdsdata/1.11.896/aws-java-sdk-rdsdata-1.11.896.jar:/Users/asifsattar/.m2/repository/com/amazonaws/aws-java-sdk-route53resolver/1.11.896/aws-java-sdk-route53resolver-1.11.896.jar:/Users/asifsattar/.m2/repository/com/amazonaws/aws-java-sdk-ram/1.11.896/aws-java-sdk-ram-1.11.896.jar:/Users/asifsattar/.m2/repository/com/amazonaws/aws-java-sdk-s3control/1.11.896/aws-java-sdk-s3control-1.11.896.jar:/Users/asifsattar/.m2/repository/com/amazonaws/aws-java-sdk-pinpointsmsvoice/1.11.896/aws-java-sdk-pinpointsmsvoice-1.11.896.jar:/Users/asifsattar/.m2/repository/com/amazonaws/aws-java-sdk-pinpointemail/1.11.896/aws-java-sdk-pinpointemail-1.11.896.jar:/Users/asifsattar/.m2/repository/com/amazonaws/aws-java-sdk-chime/1.11.896/aws-java-sdk-chime-1.11.896.jar:/Users/asifsattar/.m2/repository/com/amazonaws/aws-java-sdk-signer/1.11.896/aws-java-sdk-signer-1.11.896.jar:/Users/asifsattar/.m2/repository/com/amazonaws/aws-java-sdk-dlm/1.11.896/aws-java-sdk-dlm-1.11.896.jar:/Users/asifsattar/.m2/repository/com/amazonaws/aws-java-sdk-macie/1.11.896/aws-java-sdk-macie-1.11.896.jar:/Users/asifsattar/.m2/repository/com/amazonaws/aws-java-sdk-eks/1.11.896/aws-java-sdk-eks-1.11.896.jar:/Users/asifsattar/.m2/repository/com/amazonaws/aws-java-sdk-mediatailor/1.11.896/aws-java-sdk-mediatailor-1.11.896.jar:/Users/asifsattar/.m2/repository/com/amazonaws/aws-java-sdk-neptune/1.11.896/aws-java-sdk-neptune-1.11.896.jar:/Users/asifsattar/.m2/repository/com/amazonaws/aws-java-sdk-pi/1.11.896/aws-java-sdk-pi-1.11.896.jar:/Users/asifsattar/.m2/repository/com/amazonaws/aws-java-sdk-iot1clickprojects/1.11.896/aws-java-sdk-iot1clickprojects-1.11.896.jar:/Users/asifsattar/.m2/repository/com/amazonaws/aws-java-sdk-iot1clickdevices/1.11.896/aws-java-sdk-iot1clickdevices-1.11.896.jar:/Users/asifsattar/.m2/repository/com/amazonaws/aws-java-sdk-iotanalytics/1.11.896/aws-java-sdk-iotanalytics-1.11.896.jar:/Users/asifsattar/.m2/repository/com/amazonaws/aws-java-sdk-acmpca/1.11.896/aws-java-sdk-acmpca-1.11.896.jar:/Users/asifsattar/.m2/repository/com/amazonaws/aws-java-sdk-secretsmanager/1.11.896/aws-java-sdk-secretsmanager-1.11.896.jar:/Users/asifsattar/.m2/repository/com/amazonaws/aws-java-sdk-fms/1.11.896/aws-java-sdk-fms-1.11.896.jar:/Users/asifsattar/.m2/repository/com/amazonaws/aws-java-sdk-connect/1.11.896/aws-java-sdk-connect-1.11.896.jar:/Users/asifsattar/.m2/repository/com/amazonaws/aws-java-sdk-transcribe/1.11.896/aws-java-sdk-transcribe-1.11.896.jar:/Users/asifsattar/.m2/repository/com/amazonaws/aws-java-sdk-autoscalingplans/1.11.896/aws-java-sdk-autoscalingplans-1.11.896.jar:/Users/asifsattar/.m2/repository/com/amazonaws/aws-java-sdk-workmail/1.11.896/aws-java-sdk-workmail-1.11.896.jar:/Users/asifsattar/.m2/repository/com/amazonaws/aws-java-sdk-servicediscovery/1.11.896/aws-java-sdk-servicediscovery-1.11.896.jar:/Users/asifsattar/.m2/repository/com/amazonaws/aws-java-sdk-cloud9/1.11.896/aws-java-sdk-cloud9-1.11.896.jar:/Users/asifsattar/.m2/repository/com/amazonaws/aws-java-sdk-serverlessapplicationrepository/1.11.896/aws-java-sdk-serverlessapplicationrepository-1.11.896.jar:/Users/asifsattar/.m2/repository/com/amazonaws/aws-java-sdk-alexaforbusiness/1.11.896/aws-java-sdk-alexaforbusiness-1.11.896.jar:/Users/asifsattar/.m2/repository/com/amazonaws/aws-java-sdk-resourcegroups/1.11.896/aws-java-sdk-resourcegroups-1.11.896.jar:/Users/asifsattar/.m2/repository/com/amazonaws/aws-java-sdk-comprehend/1.11.896/aws-java-sdk-comprehend-1.11.896.jar:/Users/asifsattar/.m2/repository/com/amazonaws/aws-java-sdk-translate/1.11.896/aws-java-sdk-translate-1.11.896.jar:/Users/asifsattar/.m2/repository/com/amazonaws/aws-java-sdk-sagemaker/1.11.896/aws-java-sdk-sagemaker-1.11.896.jar:/Users/asifsattar/.m2/repository/com/amazonaws/aws-java-sdk-iotjobsdataplane/1.11.896/aws-java-sdk-iotjobsdataplane-1.11.896.jar:/Users/asifsattar/.m2/repository/com/amazonaws/aws-java-sdk-sagemakerruntime/1.11.896/aws-java-sdk-sagemakerruntime-1.11.896.jar:/Users/asifsattar/.m2/repository/com/amazonaws/aws-java-sdk-kinesisvideo/1.11.896/aws-java-sdk-kinesisvideo-1.11.896.jar:/Users/asifsattar/.m2/repository/io/netty/netty-codec-http/4.1.24.Final/netty-codec-http-4.1.24.Final.jar:/Users/asifsattar/.m2/repository/io/netty/netty-codec/4.1.24.Final/netty-codec-4.1.24.Final.jar:/Users/asifsattar/.m2/repository/io/netty/netty-handler/4.1.24.Final/netty-handler-4.1.24.Final.jar:/Users/asifsattar/.m2/repository/io/netty/netty-buffer/4.1.24.Final/netty-buffer-4.1.24.Final.jar:/Users/asifsattar/.m2/repository/io/netty/netty-common/4.1.24.Final/netty-common-4.1.24.Final.jar:/Users/asifsattar/.m2/repository/io/netty/netty-transport/4.1.24.Final/netty-transport-4.1.24.Final.jar:/Users/asifsattar/.m2/repository/io/netty/netty-resolver/4.1.24.Final/netty-resolver-4.1.24.Final.jar:/Users/asifsattar/.m2/repository/com/amazonaws/aws-java-sdk-appsync/1.11.896/aws-java-sdk-appsync-1.11.896.jar:/Users/asifsattar/.m2/repository/com/amazonaws/aws-java-sdk-guardduty/1.11.896/aws-java-sdk-guardduty-1.11.896.jar:/Users/asifsattar/.m2/repository/com/amazonaws/aws-java-sdk-mq/1.11.896/aws-java-sdk-mq-1.11.896.jar:/Users/asifsattar/.m2/repository/com/amazonaws/aws-java-sdk-mediaconvert/1.11.896/aws-java-sdk-mediaconvert-1.11.896.jar:/Users/asifsattar/.m2/repository/com/amazonaws/aws-java-sdk-mediastore/1.11.896/aws-java-sdk-mediastore-1.11.896.jar:/Users/asifsattar/.m2/repository/com/amazonaws/aws-java-sdk-mediastoredata/1.11.896/aws-java-sdk-mediastoredata-1.11.896.jar:/Users/asifsattar/.m2/repository/com/amazonaws/aws-java-sdk-medialive/1.11.896/aws-java-sdk-medialive-1.11.896.jar:/Users/asifsattar/.m2/repository/com/amazonaws/aws-java-sdk-mediapackage/1.11.896/aws-java-sdk-mediapackage-1.11.896.jar:/Users/asifsattar/.m2/repository/com/amazonaws/aws-java-sdk-costexplorer/1.11.896/aws-java-sdk-costexplorer-1.11.896.jar:/Users/asifsattar/.m2/repository/com/amazonaws/aws-java-sdk-pricing/1.11.896/aws-java-sdk-pricing-1.11.896.jar:/Users/asifsattar/.m2/repository/com/amazonaws/aws-java-sdk-mobile/1.11.896/aws-java-sdk-mobile-1.11.896.jar:/Users/asifsattar/.m2/repository/com/amazonaws/aws-java-sdk-cloudhsmv2/1.11.896/aws-java-sdk-cloudhsmv2-1.11.896.jar:/Users/asifsattar/.m2/repository/com/amazonaws/aws-java-sdk-glue/1.11.896/aws-java-sdk-glue-1.11.896.jar:/Users/asifsattar/.m2/repository/com/amazonaws/aws-java-sdk-migrationhub/1.11.896/aws-java-sdk-migrationhub-1.11.896.jar:/Users/asifsattar/.m2/repository/com/amazonaws/aws-java-sdk-dax/1.11.896/aws-java-sdk-dax-1.11.896.jar:/Users/asifsattar/.m2/repository/com/amazonaws/aws-java-sdk-greengrass/1.11.896/aws-java-sdk-greengrass-1.11.896.jar:/Users/asifsattar/.m2/repository/com/amazonaws/aws-java-sdk-athena/1.11.896/aws-java-sdk-athena-1.11.896.jar:/Users/asifsattar/.m2/repository/com/amazonaws/aws-java-sdk-marketplaceentitlement/1.11.896/aws-java-sdk-marketplaceentitlement-1.11.896.jar:/Users/asifsattar/.m2/repository/com/amazonaws/aws-java-sdk-codestar/1.11.896/aws-java-sdk-codestar-1.11.896.jar:/Users/asifsattar/.m2/repository/com/amazonaws/aws-java-sdk-lexmodelbuilding/1.11.896/aws-java-sdk-lexmodelbuilding-1.11.896.jar:/Users/asifsattar/.m2/repository/com/amazonaws/aws-java-sdk-resourcegroupstaggingapi/1.11.896/aws-java-sdk-resourcegroupstaggingapi-1.11.896.jar:/Users/asifsattar/.m2/repository/com/amazonaws/aws-java-sdk-pinpoint/1.11.896/aws-java-sdk-pinpoint-1.11.896.jar:/Users/asifsattar/.m2/repository/com/amazonaws/aws-java-sdk-xray/1.11.896/aws-java-sdk-xray-1.11.896.jar:/Users/asifsattar/.m2/repository/com/amazonaws/aws-java-sdk-opsworkscm/1.11.896/aws-java-sdk-opsworkscm-1.11.896.jar:/Users/asifsattar/.m2/repository/com/amazonaws/aws-java-sdk-support/1.11.896/aws-java-sdk-support-1.11.896.jar:/Users/asifsattar/.m2/repository/com/amazonaws/aws-java-sdk-simpledb/1.11.896/aws-java-sdk-simpledb-1.11.896.jar:/Users/asifsattar/.m2/repository/com/amazonaws/aws-java-sdk-servicecatalog/1.11.896/aws-java-sdk-servicecatalog-1.11.896.jar:/Users/asifsattar/.m2/repository/com/amazonaws/aws-java-sdk-servermigration/1.11.896/aws-java-sdk-servermigration-1.11.896.jar:/Users/asifsattar/.m2/repository/com/amazonaws/aws-java-sdk-simpleworkflow/1.11.896/aws-java-sdk-simpleworkflow-1.11.896.jar:/Users/asifsattar/.m2/repository/com/amazonaws/aws-java-sdk-storagegateway/1.11.896/aws-java-sdk-storagegateway-1.11.896.jar:/Users/asifsattar/.m2/repository/com/amazonaws/aws-java-sdk-route53/1.11.896/aws-java-sdk-route53-1.11.896.jar:/Users/asifsattar/.m2/repository/com/amazonaws/aws-java-sdk-s3/1.11.896/aws-java-sdk-s3-1.11.896.jar:/Users/asifsattar/.m2/repository/com/amazonaws/aws-java-sdk-importexport/1.11.896/aws-java-sdk-importexport-1.11.896.jar:/Users/asifsattar/.m2/repository/com/amazonaws/aws-java-sdk-sts/1.11.896/aws-java-sdk-sts-1.11.896.jar:/Users/asifsattar/.m2/repository/com/amazonaws/aws-java-sdk-sqs/1.11.896/aws-java-sdk-sqs-1.11.896.jar:/Users/asifsattar/.m2/repository/com/amazonaws/aws-java-sdk-rds/1.11.896/aws-java-sdk-rds-1.11.896.jar:/Users/asifsattar/.m2/repository/com/amazonaws/aws-java-sdk-redshift/1.11.896/aws-java-sdk-redshift-1.11.896.jar:/Users/asifsattar/.m2/repository/com/amazonaws/aws-java-sdk-elasticbeanstalk/1.11.896/aws-java-sdk-elasticbeanstalk-1.11.896.jar:/Users/asifsattar/.m2/repository/com/amazonaws/aws-java-sdk-glacier/1.11.896/aws-java-sdk-glacier-1.11.896.jar:/Users/asifsattar/.m2/repository/com/amazonaws/aws-java-sdk-iam/1.11.896/aws-java-sdk-iam-1.11.896.jar:/Users/asifsattar/.m2/repository/com/amazonaws/aws-java-sdk-datapipeline/1.11.896/aws-java-sdk-datapipeline-1.11.896.jar:/Users/asifsattar/.m2/repository/com/amazonaws/aws-java-sdk-elasticloadbalancing/1.11.896/aws-java-sdk-elasticloadbalancing-1.11.896.jar:/Users/asifsattar/.m2/repository/com/amazonaws/aws-java-sdk-elasticloadbalancingv2/1.11.896/aws-java-sdk-elasticloadbalancingv2-1.11.896.jar:/Users/asifsattar/.m2/repository/com/amazonaws/aws-java-sdk-emr/1.11.896/aws-java-sdk-emr-1.11.896.jar:/Users/asifsattar/.m2/repository/com/amazonaws/aws-java-sdk-elasticache/1.11.896/aws-java-sdk-elasticache-1.11.896.jar:/Users/asifsattar/.m2/repository/com/amazonaws/aws-java-sdk-elastictranscoder/1.11.896/aws-java-sdk-elastictranscoder-1.11.896.jar:/Users/asifsattar/.m2/repository/com/amazonaws/aws-java-sdk-ec2/1.11.896/aws-java-sdk-ec2-1.11.896.jar:/Users/asifsattar/.m2/repository/com/amazonaws/aws-java-sdk-dynamodb/1.11.896/aws-java-sdk-dynamodb-1.11.896.jar:/Users/asifsattar/.m2/repository/com/amazonaws/aws-java-sdk-sns/1.11.896/aws-java-sdk-sns-1.11.896.jar:/Users/asifsattar/.m2/repository/com/amazonaws/aws-java-sdk-budgets/1.11.896/aws-java-sdk-budgets-1.11.896.jar:/Users/asifsattar/.m2/repository/com/amazonaws/aws-java-sdk-cloudtrail/1.11.896/aws-java-sdk-cloudtrail-1.11.896.jar:/Users/asifsattar/.m2/repository/com/amazonaws/aws-java-sdk-cloudwatch/1.11.896/aws-java-sdk-cloudwatch-1.11.896.jar:/Users/asifsattar/.m2/repository/com/amazonaws/aws-java-sdk-logs/1.11.896/aws-java-sdk-logs-1.11.896.jar:/Users/asifsattar/.m2/repository/com/amazonaws/aws-java-sdk-events/1.11.896/aws-java-sdk-events-1.11.896.jar:/Users/asifsattar/.m2/repository/com/amazonaws/aws-java-sdk-cognitoidentity/1.11.896/aws-java-sdk-cognitoidentity-1.11.896.jar:/Users/asifsattar/.m2/repository/com/amazonaws/aws-java-sdk-cognitosync/1.11.896/aws-java-sdk-cognitosync-1.11.896.jar:/Users/asifsattar/.m2/repository/com/amazonaws/aws-java-sdk-directconnect/1.11.896/aws-java-sdk-directconnect-1.11.896.jar:/Users/asifsattar/.m2/repository/com/amazonaws/aws-java-sdk-cloudformation/1.11.896/aws-java-sdk-cloudformation-1.11.896.jar:/Users/asifsattar/.m2/repository/com/amazonaws/aws-java-sdk-cloudfront/1.11.896/aws-java-sdk-cloudfront-1.11.896.jar:/Users/asifsattar/.m2/repository/com/amazonaws/aws-java-sdk-clouddirectory/1.11.896/aws-java-sdk-clouddirectory-1.11.896.jar:/Users/asifsattar/.m2/repository/com/amazonaws/aws-java-sdk-kinesis/1.11.896/aws-java-sdk-kinesis-1.11.896.jar:/Users/asifsattar/.m2/repository/com/amazonaws/aws-java-sdk-opsworks/1.11.896/aws-java-sdk-opsworks-1.11.896.jar:/Users/asifsattar/.m2/repository/com/amazonaws/aws-java-sdk-ses/1.11.896/aws-java-sdk-ses-1.11.896.jar:/Users/asifsattar/.m2/repository/com/amazonaws/aws-java-sdk-autoscaling/1.11.896/aws-java-sdk-autoscaling-1.11.896.jar:/Users/asifsattar/.m2/repository/com/amazonaws/aws-java-sdk-cloudsearch/1.11.896/aws-java-sdk-cloudsearch-1.11.896.jar:/Users/asifsattar/.m2/repository/com/amazonaws/aws-java-sdk-cloudwatchmetrics/1.11.896/aws-java-sdk-cloudwatchmetrics-1.11.896.jar:/Users/asifsattar/.m2/repository/com/amazonaws/aws-java-sdk-codedeploy/1.11.896/aws-java-sdk-codedeploy-1.11.896.jar:/Users/asifsattar/.m2/repository/com/amazonaws/aws-java-sdk-codepipeline/1.11.896/aws-java-sdk-codepipeline-1.11.896.jar:/Users/asifsattar/.m2/repository/com/amazonaws/aws-java-sdk-kms/1.11.896/aws-java-sdk-kms-1.11.896.jar:/Users/asifsattar/.m2/repository/com/amazonaws/aws-java-sdk-config/1.11.896/aws-java-sdk-config-1.11.896.jar:/Users/asifsattar/.m2/repository/com/amazonaws/aws-java-sdk-lambda/1.11.896/aws-java-sdk-lambda-1.11.896.jar:/Users/asifsattar/.m2/repository/com/amazonaws/aws-java-sdk-ecs/1.11.896/aws-java-sdk-ecs-1.11.896.jar:/Users/asifsattar/.m2/repository/com/amazonaws/aws-java-sdk-ecr/1.11.896/aws-java-sdk-ecr-1.11.896.jar:/Users/asifsattar/.m2/repository/com/amazonaws/aws-java-sdk-cloudhsm/1.11.896/aws-java-sdk-cloudhsm-1.11.896.jar:/Users/asifsattar/.m2/repository/com/amazonaws/aws-java-sdk-ssm/1.11.896/aws-java-sdk-ssm-1.11.896.jar:/Users/asifsattar/.m2/repository/com/amazonaws/aws-java-sdk-workspaces/1.11.896/aws-java-sdk-workspaces-1.11.896.jar:/Users/asifsattar/.m2/repository/com/amazonaws/aws-java-sdk-machinelearning/1.11.896/aws-java-sdk-machinelearning-1.11.896.jar:/Users/asifsattar/.m2/repository/com/amazonaws/aws-java-sdk-directory/1.11.896/aws-java-sdk-directory-1.11.896.jar:/Users/asifsattar/.m2/repository/com/amazonaws/aws-java-sdk-efs/1.11.896/aws-java-sdk-efs-1.11.896.jar:/Users/asifsattar/.m2/repository/com/amazonaws/aws-java-sdk-codecommit/1.11.896/aws-java-sdk-codecommit-1.11.896.jar:/Users/asifsattar/.m2/repository/com/amazonaws/aws-java-sdk-devicefarm/1.11.896/aws-java-sdk-devicefarm-1.11.896.jar:/Users/asifsattar/.m2/repository/com/amazonaws/aws-java-sdk-elasticsearch/1.11.896/aws-java-sdk-elasticsearch-1.11.896.jar:/Users/asifsattar/.m2/repository/com/amazonaws/aws-java-sdk-waf/1.11.896/aws-java-sdk-waf-1.11.896.jar:/Users/asifsattar/.m2/repository/com/amazonaws/aws-java-sdk-marketplacecommerceanalytics/1.11.896/aws-java-sdk-marketplacecommerceanalytics-1.11.896.jar:/Users/asifsattar/.m2/repository/com/amazonaws/aws-java-sdk-inspector/1.11.896/aws-java-sdk-inspector-1.11.896.jar:/Users/asifsattar/.m2/repository/com/amazonaws/aws-java-sdk-iot/1.11.896/aws-java-sdk-iot-1.11.896.jar:/Users/asifsattar/.m2/repository/com/amazonaws/aws-java-sdk-api-gateway/1.11.896/aws-java-sdk-api-gateway-1.11.896.jar:/Users/asifsattar/.m2/repository/com/amazonaws/aws-java-sdk-acm/1.11.896/aws-java-sdk-acm-1.11.896.jar:/Users/asifsattar/.m2/repository/com/amazonaws/aws-java-sdk-gamelift/1.11.896/aws-java-sdk-gamelift-1.11.896.jar:/Users/asifsattar/.m2/repository/com/amazonaws/aws-java-sdk-dms/1.11.896/aws-java-sdk-dms-1.11.896.jar:/Users/asifsattar/.m2/repository/com/amazonaws/aws-java-sdk-marketplacemeteringservice/1.11.896/aws-java-sdk-marketplacemeteringservice-1.11.896.jar:/Users/asifsattar/.m2/repository/com/amazonaws/aws-java-sdk-cognitoidp/1.11.896/aws-java-sdk-cognitoidp-1.11.896.jar:/Users/asifsattar/.m2/repository/com/amazonaws/aws-java-sdk-discovery/1.11.896/aws-java-sdk-discovery-1.11.896.jar:/Users/asifsattar/.m2/repository/com/amazonaws/aws-java-sdk-applicationautoscaling/1.11.896/aws-java-sdk-applicationautoscaling-1.11.896.jar:/Users/asifsattar/.m2/repository/com/amazonaws/aws-java-sdk-snowball/1.11.896/aws-java-sdk-snowball-1.11.896.jar:/Users/asifsattar/.m2/repository/com/amazonaws/aws-java-sdk-rekognition/1.11.896/aws-java-sdk-rekognition-1.11.896.jar:/Users/asifsattar/.m2/repository/com/amazonaws/aws-java-sdk-polly/1.11.896/aws-java-sdk-polly-1.11.896.jar:/Users/asifsattar/.m2/repository/com/amazonaws/aws-java-sdk-lightsail/1.11.896/aws-java-sdk-lightsail-1.11.896.jar:/Users/asifsattar/.m2/repository/com/amazonaws/aws-java-sdk-stepfunctions/1.11.896/aws-java-sdk-stepfunctions-1.11.896.jar:/Users/asifsattar/.m2/repository/com/amazonaws/aws-java-sdk-health/1.11.896/aws-java-sdk-health-1.11.896.jar:/Users/asifsattar/.m2/repository/com/amazonaws/aws-java-sdk-costandusagereport/1.11.896/aws-java-sdk-costandusagereport-1.11.896.jar:/Users/asifsattar/.m2/repository/com/amazonaws/aws-java-sdk-codebuild/1.11.896/aws-java-sdk-codebuild-1.11.896.jar:/Users/asifsattar/.m2/repository/com/amazonaws/aws-java-sdk-appstream/1.11.896/aws-java-sdk-appstream-1.11.896.jar:/Users/asifsattar/.m2/repository/com/amazonaws/aws-java-sdk-shield/1.11.896/aws-java-sdk-shield-1.11.896.jar:/Users/asifsattar/.m2/repository/com/amazonaws/aws-java-sdk-batch/1.11.896/aws-java-sdk-batch-1.11.896.jar:/Users/asifsattar/.m2/repository/com/amazonaws/aws-java-sdk-lex/1.11.896/aws-java-sdk-lex-1.11.896.jar:/Users/asifsattar/.m2/repository/com/amazonaws/aws-java-sdk-mechanicalturkrequester/1.11.896/aws-java-sdk-mechanicalturkrequester-1.11.896.jar:/Users/asifsattar/.m2/repository/com/amazonaws/aws-java-sdk-organizations/1.11.896/aws-java-sdk-organizations-1.11.896.jar:/Users/asifsattar/.m2/repository/com/amazonaws/aws-java-sdk-workdocs/1.11.896/aws-java-sdk-workdocs-1.11.896.jar:/Users/asifsattar/.m2/repository/com/amazonaws/aws-java-sdk-core/1.11.896/aws-java-sdk-core-1.11.896.jar:/Users/asifsattar/.m2/repository/commons-logging/commons-logging/1.1.3/commons-logging-1.1.3.jar:/Users/asifsattar/.m2/repository/software/amazon/ion/ion-java/1.0.2/ion-java-1.0.2.jar:/Users/asifsattar/.m2/repository/com/fasterxml/jackson/dataformat/jackson-dataformat-cbor/2.9.5/jackson-dataformat-cbor-2.9.5.jar:/Users/asifsattar/.m2/repository/com/amazonaws/aws-java-sdk-models/1.11.896/aws-java-sdk-models-1.11.896.jar:/Users/asifsattar/.m2/repository/com/amazonaws/aws-java-sdk-swf-libraries/1.11.22/aws-java-sdk-swf-libraries-1.11.22.jar:/Users/asifsattar/.m2/repository/com/twilio/sdk/twilio/7.55.1/twilio-7.55.1.jar:/Users/asifsattar/.m2/repository/com/google/guava/guava/29.0-android/guava-29.0-android.jar:/Users/asifsattar/.m2/repository/com/google/guava/failureaccess/1.0.1/failureaccess-1.0.1.jar:/Users/asifsattar/.m2/repository/com/google/guava/listenablefuture/9999.0-empty-to-avoid-conflict-with-guava/listenablefuture-9999.0-empty-to-avoid-conflict-with-guava.jar:/Users/asifsattar/.m2/repository/com/google/code/findbugs/jsr305/3.0.2/jsr305-3.0.2.jar:/Users/asifsattar/.m2/repository/org/checkerframework/checker-compat-qual/2.5.5/checker-compat-qual-2.5.5.jar:/Users/asifsattar/.m2/repository/com/google/errorprone/error_prone_annotations/2.3.4/error_prone_annotations-2.3.4.jar:/Users/asifsattar/.m2/repository/com/google/j2objc/j2objc-annotations/1.3/j2objc-annotations-1.3.jar:/Users/asifsattar/.m2/repository/joda-time/joda-time/2.9.9/joda-time-2.9.9.jar:/Users/asifsattar/.m2/repository/io/jsonwebtoken/jjwt-api/0.11.2/jjwt-api-0.11.2.jar:/Users/asifsattar/.m2/repository/io/jsonwebtoken/jjwt-jackson/0.11.2/jjwt-jackson-0.11.2.jar:/Users/asifsattar/.m2/repository/io/jsonwebtoken/jjwt-impl/0.11.2/jjwt-impl-0.11.2.jar:/Users/asifsattar/.m2/repository/org/apache/httpcomponents/httpclient/4.5.5/httpclient-4.5.5.jar:/Users/asifsattar/.m2/repository/org/apache/httpcomponents/httpcore/4.4.9/httpcore-4.4.9.jar:/Users/asifsattar/.m2/repository/com/fasterxml/jackson/core/jackson-core/2.9.5/jackson-core-2.9.5.jar:/Users/asifsattar/.m2/repository/com/fasterxml/jackson/core/jackson-annotations/2.9.0/jackson-annotations-2.9.0.jar:/Users/asifsattar/.m2/repository/com/fasterxml/jackson/core/jackson-databind/2.9.5/jackson-databind-2.9.5.jar:/Users/asifsattar/.m2/repository/javax/xml/bind/jaxb-api/2.3.0/jaxb-api-2.3.0.jar:/Users/asifsattar/.m2/repository/io/jsonwebtoken/jjwt/0.9.1/jjwt-0.9.1.jar:/Users/asifsattar/.m2/repository/mysql/mysql-connector-java/5.1.46/mysql-connector-java-5.1.46.jar:/Users/asifsattar/.m2/repository/org/springframework/boot/spring-boot-starter-data-jpa/2.0.2.RELEASE/spring-boot-starter-data-jpa-2.0.2.RELEASE.jar:/Users/asifsattar/.m2/repository/org/springframework/boot/spring-boot-starter-aop/2.0.2.RELEASE/spring-boot-starter-aop-2.0.2.RELEASE.jar:/Users/asifsattar/.m2/repository/org/aspectj/aspectjweaver/1.8.13/aspectjweaver-1.8.13.jar:/Users/asifsattar/.m2/repository/org/springframework/boot/spring-boot-starter-jdbc/2.0.2.RELEASE/spring-boot-starter-jdbc-2.0.2.RELEASE.jar:/Users/asifsattar/.m2/repository/com/zaxxer/HikariCP/2.7.9/HikariCP-2.7.9.jar:/Users/asifsattar/.m2/repository/org/springframework/spring-jdbc/5.0.6.RELEASE/spring-jdbc-5.0.6.RELEASE.jar:/Users/asifsattar/.m2/repository/org/hibernate/hibernate-core/5.2.17.Final/hibernate-core-5.2.17.Final.jar:/Users/asifsattar/.m2/repository/org/hibernate/javax/persistence/hibernate-jpa-2.1-api/1.0.0.Final/hibernate-jpa-2.1-api-1.0.0.Final.jar:/Users/asifsattar/.m2/repository/org/javassist/javassist/3.22.0-GA/javassist-3.22.0-GA.jar:/Users/asifsattar/.m2/repository/antlr/antlr/2.7.7/antlr-2.7.7.jar:/Users/asifsattar/.m2/repository/org/jboss/jandex/2.0.3.Final/jandex-2.0.3.Final.jar:/Users/asifsattar/.m2/repository/dom4j/dom4j/1.6.1/dom4j-1.6.1.jar:/Users/asifsattar/.m2/repository/org/hibernate/common/hibernate-commons-annotations/5.0.1.Final/hibernate-commons-annotations-5.0.1.Final.jar:/Users/asifsattar/.m2/repository/javax/transaction/javax.transaction-api/1.2/javax.transaction-api-1.2.jar:/Users/asifsattar/.m2/repository/org/springframework/data/spring-data-jpa/2.0.7.RELEASE/spring-data-jpa-2.0.7.RELEASE.jar:/Users/asifsattar/.m2/repository/org/springframework/data/spring-data-commons/2.0.7.RELEASE/spring-data-commons-2.0.7.RELEASE.jar:/Users/asifsattar/.m2/repository/org/springframework/spring-orm/5.0.6.RELEASE/spring-orm-5.0.6.RELEASE.jar:/Users/asifsattar/.m2/repository/org/springframework/spring-tx/5.0.6.RELEASE/spring-tx-5.0.6.RELEASE.jar:/Users/asifsattar/.m2/repository/org/springframework/spring-aspects/5.0.6.RELEASE/spring-aspects-5.0.6.RELEASE.jar:/Users/asifsattar/.m2/repository/org/webjars/bootstrap/3.3.7/bootstrap-3.3.7.jar:/Users/asifsattar/.m2/repository/org/webjars/jquery/1.11.1/jquery-1.11.1.jar:/Users/asifsattar/.m2/repository/org/springframework/boot/spring-boot-starter-test/2.0.2.RELEASE/spring-boot-starter-test-2.0.2.RELEASE.jar:/Users/asifsattar/.m2/repository/org/springframework/boot/spring-boot-test/2.0.2.RELEASE/spring-boot-test-2.0.2.RELEASE.jar:/Users/asifsattar/.m2/repository/org/springframework/boot/spring-boot-test-autoconfigure/2.0.2.RELEASE/spring-boot-test-autoconfigure-2.0.2.RELEASE.jar:/Users/asifsattar/.m2/repository/com/jayway/jsonpath/json-path/2.4.0/json-path-2.4.0.jar:/Users/asifsattar/.m2/repository/net/minidev/json-smart/2.3/json-smart-2.3.jar:/Users/asifsattar/.m2/repository/net/minidev/accessors-smart/1.2/accessors-smart-1.2.jar:/Users/asifsattar/.m2/repository/org/ow2/asm/asm/5.0.4/asm-5.0.4.jar:/Users/asifsattar/.m2/repository/junit/junit/4.12/junit-4.12.jar:/Users/asifsattar/.m2/repository/org/assertj/assertj-core/3.9.1/assertj-core-3.9.1.jar:/Users/asifsattar/.m2/repository/org/mockito/mockito-core/2.15.0/mockito-core-2.15.0.jar:/Users/asifsattar/.m2/repository/net/bytebuddy/byte-buddy/1.7.11/byte-buddy-1.7.11.jar:/Users/asifsattar/.m2/repository/net/bytebuddy/byte-buddy-agent/1.7.11/byte-buddy-agent-1.7.11.jar:/Users/asifsattar/.m2/repository/org/objenesis/objenesis/2.6/objenesis-2.6.jar:/Users/asifsattar/.m2/repository/org/hamcrest/hamcrest-core/1.3/hamcrest-core-1.3.jar:/Users/asifsattar/.m2/repository/org/hamcrest/hamcrest-library/1.3/hamcrest-library-1.3.jar:/Users/asifsattar/.m2/repository/org/skyscreamer/jsonassert/1.5.0/jsonassert-1.5.0.jar:/Users/asifsattar/.m2/repository/com/vaadin/external/google/android-json/0.0.20131108.vaadin1/android-json-0.0.20131108.vaadin1.jar:/Users/asifsattar/.m2/repository/org/springframework/spring-core/5.0.6.RELEASE/spring-core-5.0.6.RELEASE.jar:/Users/asifsattar/.m2/repository/org/springframework/spring-jcl/5.0.6.RELEASE/spring-jcl-5.0.6.RELEASE.jar:/Users/asifsattar/.m2/repository/org/springframework/spring-test/5.0.6.RELEASE/spring-test-5.0.6.RELEASE.jar:/Users/asifsattar/.m2/repository/org/xmlunit/xmlunit-core/2.5.1/xmlunit-core-2.5.1.jar:/Users/asifsattar/.m2/repository/com/itextpdf/itextpdf/5.5.13.2/itextpdf-5.5.13.2.jar:/Users/asifsattar/.m2/repository/com/itextpdf/tool/xmlworker/5.5.13.2/xmlworker-5.5.13.2.jar:"/>
    <property name="sun.cpu.endian" value="little"/>
    <property name="user.home" value="/Users/asifsattar"/>
    <property name="user.language" value="en"/>
    <property name="java.specification.vendor" value="Oracle Corporation"/>
    <property name="java.version.date" value="2018-07-17"/>
    <property name="java.home" value="/Library/Java/JavaVirtualMachines/jdk-10.0.2.jdk/Contents/Home"/>
    <property name="file.separator" value="/"/>
    <property name="basedir" value="/Users/asifsattar/Downloads/spring-boot-ajax-master"/>
    <property name="java.vm.compressedOopsMode" value="Zero based"/>
    <property name="line.separator" value="&#10;"/>
    <property name="java.specification.name" value="Java Platform API Specification"/>
    <property name="java.vm.specification.vendor" value="Oracle Corporation"/>
    <property name="java.awt.graphicsenv" value="sun.awt.CGraphicsEnvironment"/>
    <property name="surefire.real.class.path" value="/Users/asifsattar/Downloads/spring-boot-ajax-master/target/surefire/surefirebooter12837432493616197629.jar"/>
    <property name="sun.management.compiler" value="HotSpot 64-Bit Tiered Compilers"/>
    <property name="ftp.nonProxyHosts" value="local|*.local|169.254/16|*.169.254/16"/>
    <property name="java.runtime.version" value="10.0.2+13"/>
    <property name="user.name" value="asifsattar"/>
    <property name="path.separator" value=":"/>
    <property name="os.version" value="10.15.7"/>
    <property name="java.runtime.name" value="Java(TM) SE Runtime Environment"/>
    <property name="file.encoding" value="UTF-8"/>
    <property name="java.vm.name" value="Java HotSpot(TM) 64-Bit Server VM"/>
    <property name="java.vendor.version" value="18.3"/>
    <property name="localRepository" value="/Users/asifsattar/.m2/repository"/>
    <property name="java.vendor.url.bug" value="http://bugreport.java.com/bugreport/"/>
    <property name="java.io.tmpdir" value="/var/folders/gx/s_f3_s0n5pqb___cltsq_lkh0000gn/T/"/>
    <property name="java.version" value="10.0.2"/>
    <property name="user.dir" value="/Users/asifsattar/Downloads/spring-boot-ajax-master"/>
    <property name="os.arch" value="x86_64"/>
    <property name="java.vm.specification.name" value="Java Virtual Machine Specification"/>
    <property name="java.awt.printerjob" value="sun.lwawt.macosx.CPrinterJob"/>
    <property name="sun.os.patch.level" value="unknown"/>
    <property name="java.library.path" value="/Users/asifsattar/Library/Java/Extensions:/Library/Java/Extensions:/Network/Library/Java/Extensions:/System/Library/Java/Extensions:/usr/lib/java:."/>
    <property name="java.vendor" value="Oracle Corporation"/>
    <property name="java.vm.info" value="mixed mode"/>
    <property name="java.vm.version" value="10.0.2+13"/>
    <property name="sun.io.unicode.encoding" value="UnicodeBig"/>
    <property name="java.class.version" value="54.0"/>
    <property name="socksNonProxyHosts" value="local|*.local|169.254/16|*.169.254/16"/>
  </properties>
  <testcase name="contextLoads" classname="com.javatechie.spring.ajax.api.SpringAjaxApplicationTests" time="0.492"/>
</testsuite>